# JRE version: OpenJDK Runtime Environment Temurin-21.0.10+7 (21.0.10+7) (build 21.0.10+7-LTS)
# Java VM: OpenJDK 64-Bit Server VM Temurin-21.0.10+7 (21.0.10+7-LTS, mixed mode, sharing, tiered, compressed oops, compressed class ptrs, parallel gc, windows-amd64)
GC Precious Log:
 CardTable entry size: 512
 CPUs: 8 total, 8 available
 Memory: 7502M
 Large Page Support: Disabled
 NUMA Support: Disabled
 Compressed Oops: Enabled (32-bit)
 Alignments: Space 512K, Generation 512K, Heap 2M
 Heap Min Capacity: 100M
 Heap Initial Capacity: 100M
 Heap Max Capacity: 2G
 Pre-touch: Disabled
 Parallel Workers: 8
Heap:
 PSYoungGen      total 13312K, used 8495K [0x00000000d5580000, 0x00000000d6600000, 0x0000000100000000)
  eden space 12288K, 60% used [0x00000000d5580000,0x00000000d5cd13f8,0x00000000d6180000)
  from space 1024K, 97% used [0x00000000d6380000,0x00000000d647a910,0x00000000d6480000)
  to   space 2048K, 0% used [0x00000000d6180000,0x00000000d6180000,0x00000000d6380000)
 ParOldGen       total 110080K, used 109994K [0x0000000080000000, 0x0000000086b80000, 0x00000000d5580000)
  object space 110080K, 99% used [0x0000000080000000,0x0000000086b6abf8,0x0000000086b80000)
 Metaspace       used 65715K, committed 67200K, reserved 1114112K
  class space    used 6716K, committed 7360K, reserved 1048576K
GC Heap History (20 events):
Event: 46.501 GC heap before
{Heap before GC invocations=104 (full 3):
 PSYoungGen      total 14336K, used 14276K [0x00000000d5580000, 0x00000000d6600000, 0x0000000100000000)
  eden space 13312K, 100% used [0x00000000d5580000,0x00000000d6280000,0x00000000d6280000)
  from space 1024K, 94% used [0x00000000d6400000,0x00000000d64f1230,0x00000000d6500000)
  to   space 1536K, 0% used [0x00000000d6280000,0x00000000d6280000,0x00000000d6400000)
 ParOldGen       total 98304K, used 98098K [0x0000000080000000, 0x0000000086000000, 0x00000000d5580000)
  object space 98304K, 99% used [0x0000000080000000,0x0000000085fcca70,0x0000000086000000)
 Metaspace       used 65150K, committed 66688K, reserved 1114112K
  class space    used 6707K, committed 7360K, reserved 1048576K
}
Event: 46.505 GC heap after
{Heap after GC invocations=104 (full 3):
 PSYoungGen      total 14848K, used 1509K [0x00000000d5580000, 0x00000000d6980000, 0x0000000100000000)
  eden space 13312K, 0% used [0x00000000d5580000,0x00000000d5580000,0x00000000d6280000)
  from space 1536K, 98% used [0x00000000d6280000,0x00000000d63f9590,0x00000000d6400000)
  to   space 3584K, 0% used [0x00000000d6600000,0x00000000d6600000,0x00000000d6980000)
 ParOldGen       total 99840K, used 99732K [0x0000000080000000, 0x0000000086180000, 0x00000000d5580000)
  object space 99840K, 99% used [0x0000000080000000,0x0000000086165078,0x0000000086180000)
 Metaspace       used 65150K, committed 66688K, reserved 1114112K
  class space    used 6707K, committed 7360K, reserved 1048576K
}
Event: 46.630 GC heap before
{Heap before GC invocations=105 (full 3):
 PSYoungGen      total 14848K, used 14821K [0x00000000d5580000, 0x00000000d6980000, 0x0000000100000000)
  eden space 13312K, 100% used [0x00000000d5580000,0x00000000d6280000,0x00000000d6280000)
  from space 1536K, 98% used [0x00000000d6280000,0x00000000d63f9590,0x00000000d6400000)
  to   space 3584K, 0% used [0x00000000d6600000,0x00000000d6600000,0x00000000d6980000)
 ParOldGen       total 99840K, used 99732K [0x0000000080000000, 0x0000000086180000, 0x00000000d5580000)
  object space 99840K, 99% used [0x0000000080000000,0x0000000086165078,0x0000000086180000)
 Metaspace       used 65233K, committed 66752K, reserved 1114112K
  class space    used 6711K, committed 7360K, reserved 1048576K
}
Event: 46.633 GC heap after
{Heap after GC invocations=105 (full 3):
 PSYoungGen      total 15360K, used 1975K [0x00000000d5580000, 0x00000000d6800000, 0x0000000100000000)
  eden space 13312K, 0% used [0x00000000d5580000,0x00000000d5580000,0x00000000d6280000)
  from space 2048K, 96% used [0x00000000d6600000,0x00000000d67ede58,0x00000000d6800000)
  to   space 2560K, 0% used [0x00000000d6300000,0x00000000d6300000,0x00000000d6580000)
 ParOldGen       total 101376K, used 101212K [0x0000000080000000, 0x0000000086300000, 0x00000000d5580000)
  object space 101376K, 99% used [0x0000000080000000,0x00000000862d71b0,0x0000000086300000)
 Metaspace       used 65233K, committed 66752K, reserved 1114112K
  class space    used 6711K, committed 7360K, reserved 1048576K
}
Event: 46.705 GC heap before
{Heap before GC invocations=106 (full 3):
 PSYoungGen      total 15360K, used 15287K [0x00000000d5580000, 0x00000000d6800000, 0x0000000100000000)
  eden space 13312K, 100% used [0x00000000d5580000,0x00000000d6280000,0x00000000d6280000)
  from space 2048K, 96% used [0x00000000d6600000,0x00000000d67ede58,0x00000000d6800000)
  to   space 2560K, 0% used [0x00000000d6300000,0x00000000d6300000,0x00000000d6580000)
 ParOldGen       total 101376K, used 101212K [0x0000000080000000, 0x0000000086300000, 0x00000000d5580000)
  object space 101376K, 99% used [0x0000000080000000,0x00000000862d71b0,0x0000000086300000)
 Metaspace       used 65274K, committed 66816K, reserved 1114112K
  class space    used 6711K, committed 7360K, reserved 1048576K
}
Event: 46.708 GC heap after
{Heap after GC invocations=106 (full 3):
 PSYoungGen      total 14336K, used 986K [0x00000000d5580000, 0x00000000d6680000, 0x0000000100000000)
  eden space 13312K, 0% used [0x00000000d5580000,0x00000000d5580000,0x00000000d6280000)
  from space 1024K, 96% used [0x00000000d6300000,0x00000000d63f6900,0x00000000d6400000)
  to   space 1536K, 0% used [0x00000000d6500000,0x00000000d6500000,0x00000000d6680000)
 ParOldGen       total 102912K, used 102911K [0x0000000080000000, 0x0000000086480000, 0x00000000d5580000)
  object space 102912K, 99% used [0x0000000080000000,0x000000008647fcc0,0x0000000086480000)
 Metaspace       used 65274K, committed 66816K, reserved 1114112K
  class space    used 6711K, committed 7360K, reserved 1048576K
}
Event: 46.780 GC heap before
{Heap before GC invocations=107 (full 3):
 PSYoungGen      total 14336K, used 14298K [0x00000000d5580000, 0x00000000d6680000, 0x0000000100000000)
  eden space 13312K, 100% used [0x00000000d5580000,0x00000000d6280000,0x00000000d6280000)
  from space 1024K, 96% used [0x00000000d6300000,0x00000000d63f6900,0x00000000d6400000)
  to   space 1536K, 0% used [0x00000000d6500000,0x00000000d6500000,0x00000000d6680000)
 ParOldGen       total 102912K, used 102911K [0x0000000080000000, 0x0000000086480000, 0x00000000d5580000)
  object space 102912K, 99% used [0x0000000080000000,0x000000008647fcc0,0x0000000086480000)
 Metaspace       used 65334K, committed 66880K, reserved 1114112K
  class space    used 6711K, committed 7360K, reserved 1048576K
}
Event: 46.783 GC heap after
{Heap after GC invocations=107 (full 3):
 PSYoungGen      total 14848K, used 1099K [0x00000000d5580000, 0x00000000d6680000, 0x0000000100000000)
  eden space 13312K, 0% used [0x00000000d5580000,0x00000000d5580000,0x00000000d6280000)
  from space 1536K, 71% used [0x00000000d6500000,0x00000000d6612f68,0x00000000d6680000)
  to   space 1536K, 0% used [0x00000000d6380000,0x00000000d6380000,0x00000000d6500000)
 ParOldGen       total 103936K, used 103815K [0x0000000080000000, 0x0000000086580000, 0x00000000d5580000)
  object space 103936K, 99% used [0x0000000080000000,0x0000000086561dc0,0x0000000086580000)
 Metaspace       used 65334K, committed 66880K, reserved 1114112K
  class space    used 6711K, committed 7360K, reserved 1048576K
}
Event: 46.832 GC heap before
{Heap before GC invocations=108 (full 3):
 PSYoungGen      total 14848K, used 14411K [0x00000000d5580000, 0x00000000d6680000, 0x0000000100000000)
  eden space 13312K, 100% used [0x00000000d5580000,0x00000000d6280000,0x00000000d6280000)
  from space 1536K, 71% used [0x00000000d6500000,0x00000000d6612f68,0x00000000d6680000)
  to   space 1536K, 0% used [0x00000000d6380000,0x00000000d6380000,0x00000000d6500000)
 ParOldGen       total 103936K, used 103815K [0x0000000080000000, 0x0000000086580000, 0x00000000d5580000)
  object space 103936K, 99% used [0x0000000080000000,0x0000000086561dc0,0x0000000086580000)
 Metaspace       used 65354K, committed 66944K, reserved 1114112K
  class space    used 6711K, committed 7360K, reserved 1048576K
}
Event: 46.834 GC heap after
{Heap after GC invocations=108 (full 3):
 PSYoungGen      total 14848K, used 1120K [0x00000000d5580000, 0x00000000d6580000, 0x0000000100000000)
  eden space 13312K, 0% used [0x00000000d5580000,0x00000000d5580000,0x00000000d6280000)
  from space 1536K, 72% used [0x00000000d6380000,0x00000000d6498040,0x00000000d6500000)
  to   space 512K, 0% used [0x00000000d6500000,0x00000000d6500000,0x00000000d6580000)
 ParOldGen       total 104960K, used 104819K [0x0000000080000000, 0x0000000086680000, 0x00000000d5580000)
  object space 104960K, 99% used [0x0000000080000000,0x000000008665cd58,0x0000000086680000)
 Metaspace       used 65354K, committed 66944K, reserved 1114112K
  class space    used 6711K, committed 7360K, reserved 1048576K
}
Event: 46.926 GC heap before
{Heap before GC invocations=109 (full 3):
 PSYoungGen      total 14848K, used 14432K [0x00000000d5580000, 0x00000000d6580000, 0x0000000100000000)
  eden space 13312K, 100% used [0x00000000d5580000,0x00000000d6280000,0x00000000d6280000)
  from space 1536K, 72% used [0x00000000d6380000,0x00000000d6498040,0x00000000d6500000)
  to   space 512K, 0% used [0x00000000d6500000,0x00000000d6500000,0x00000000d6580000)
 ParOldGen       total 104960K, used 104819K [0x0000000080000000, 0x0000000086680000, 0x00000000d5580000)
  object space 104960K, 99% used [0x0000000080000000,0x000000008665cd58,0x0000000086680000)
 Metaspace       used 65426K, committed 67008K, reserved 1114112K
  class space    used 6712K, committed 7360K, reserved 1048576K
}
Event: 46.928 GC heap after
{Heap after GC invocations=109 (full 3):
 PSYoungGen      total 13312K, used 512K [0x00000000d5580000, 0x00000000d6880000, 0x0000000100000000)
  eden space 12800K, 0% used [0x00000000d5580000,0x00000000d5580000,0x00000000d6200000)
  from space 512K, 100% used [0x00000000d6500000,0x00000000d6580000,0x00000000d6580000)
  to   space 3072K, 0% used [0x00000000d6200000,0x00000000d6200000,0x00000000d6500000)
 ParOldGen       total 107008K, used 106968K [0x0000000080000000, 0x0000000086880000, 0x00000000d5580000)
  object space 107008K, 99% used [0x0000000080000000,0x0000000086876068,0x0000000086880000)
 Metaspace       used 65426K, committed 67008K, reserved 1114112K
  class space    used 6712K, committed 7360K, reserved 1048576K
}
Event: 46.963 GC heap before
{Heap before GC invocations=110 (full 3):
 PSYoungGen      total 13312K, used 13312K [0x00000000d5580000, 0x00000000d6880000, 0x0000000100000000)
  eden space 12800K, 100% used [0x00000000d5580000,0x00000000d6200000,0x00000000d6200000)
  from space 512K, 100% used [0x00000000d6500000,0x00000000d6580000,0x00000000d6580000)
  to   space 3072K, 0% used [0x00000000d6200000,0x00000000d6200000,0x00000000d6500000)
 ParOldGen       total 107008K, used 106968K [0x0000000080000000, 0x0000000086880000, 0x00000000d5580000)
  object space 107008K, 99% used [0x0000000080000000,0x0000000086876068,0x0000000086880000)
 Metaspace       used 65435K, committed 67008K, reserved 1114112K
  class space    used 6712K, committed 7360K, reserved 1048576K
}
Event: 46.965 GC heap after
{Heap after GC invocations=110 (full 3):
 PSYoungGen      total 14336K, used 1104K [0x00000000d5580000, 0x00000000d6600000, 0x0000000100000000)
  eden space 12800K, 0% used [0x00000000d5580000,0x00000000d5580000,0x00000000d6200000)
  from space 1536K, 71% used [0x00000000d6200000,0x00000000d6314010,0x00000000d6380000)
  to   space 2048K, 0% used [0x00000000d6400000,0x00000000d6400000,0x00000000d6600000)
 ParOldGen       total 107520K, used 107492K [0x0000000080000000, 0x0000000086900000, 0x00000000d5580000)
  object space 107520K, 99% used [0x0000000080000000,0x00000000868f92f8,0x0000000086900000)
 Metaspace       used 65435K, committed 67008K, reserved 1114112K
  class space    used 6712K, committed 7360K, reserved 1048576K
}
Event: 47.028 GC heap before
{Heap before GC invocations=111 (full 3):
 PSYoungGen      total 14336K, used 13904K [0x00000000d5580000, 0x00000000d6600000, 0x0000000100000000)
  eden space 12800K, 100% used [0x00000000d5580000,0x00000000d6200000,0x00000000d6200000)
  from space 1536K, 71% used [0x00000000d6200000,0x00000000d6314010,0x00000000d6380000)
  to   space 2048K, 0% used [0x00000000d6400000,0x00000000d6400000,0x00000000d6600000)
 ParOldGen       total 107520K, used 107492K [0x0000000080000000, 0x0000000086900000, 0x00000000d5580000)
  object space 107520K, 99% used [0x0000000080000000,0x00000000868f92f8,0x0000000086900000)
 Metaspace       used 65473K, committed 67008K, reserved 1114112K
  class space    used 6712K, committed 7360K, reserved 1048576K
}
Event: 47.030 GC heap after
{Heap after GC invocations=111 (full 3):
 PSYoungGen      total 14848K, used 1588K [0x00000000d5580000, 0x00000000d6600000, 0x0000000100000000)
  eden space 12800K, 0% used [0x00000000d5580000,0x00000000d5580000,0x00000000d6200000)
  from space 2048K, 77% used [0x00000000d6400000,0x00000000d658d240,0x00000000d6600000)
  to   space 2048K, 0% used [0x00000000d6200000,0x00000000d6200000,0x00000000d6400000)
 ParOldGen       total 108544K, used 108452K [0x0000000080000000, 0x0000000086a00000, 0x00000000d5580000)
  object space 108544K, 99% used [0x0000000080000000,0x00000000869e9398,0x0000000086a00000)
 Metaspace       used 65473K, committed 67008K, reserved 1114112K
  class space    used 6712K, committed 7360K, reserved 1048576K
}
Event: 47.075 GC heap before
{Heap before GC invocations=112 (full 3):
 PSYoungGen      total 14848K, used 14388K [0x00000000d5580000, 0x00000000d6600000, 0x0000000100000000)
  eden space 12800K, 100% used [0x00000000d5580000,0x00000000d6200000,0x00000000d6200000)
  from space 2048K, 77% used [0x00000000d6400000,0x00000000d658d240,0x00000000d6600000)
  to   space 2048K, 0% used [0x00000000d6200000,0x00000000d6200000,0x00000000d6400000)
 ParOldGen       total 108544K, used 108452K [0x0000000080000000, 0x0000000086a00000, 0x00000000d5580000)
  object space 108544K, 99% used [0x0000000080000000,0x00000000869e9398,0x0000000086a00000)
 Metaspace       used 65478K, committed 67008K, reserved 1114112K
  class space    used 6712K, committed 7360K, reserved 1048576K
}
Event: 47.076 GC heap after
{Heap after GC invocations=112 (full 3):
 PSYoungGen      total 13312K, used 260K [0x00000000d5580000, 0x00000000d6480000, 0x0000000100000000)
  eden space 12800K, 0% used [0x00000000d5580000,0x00000000d5580000,0x00000000d6200000)
  from space 512K, 50% used [0x00000000d6200000,0x00000000d6241210,0x00000000d6280000)
  to   space 1024K, 0% used [0x00000000d6380000,0x00000000d6380000,0x00000000d6480000)
 ParOldGen       total 109568K, used 109430K [0x0000000080000000, 0x0000000086b00000, 0x00000000d5580000)
  object space 109568K, 99% used [0x0000000080000000,0x0000000086add9c8,0x0000000086b00000)
 Metaspace       used 65478K, committed 67008K, reserved 1114112K
  class space    used 6712K, committed 7360K, reserved 1048576K
}
Event: 47.116 GC heap before
{Heap before GC invocations=113 (full 3):
 PSYoungGen      total 13312K, used 13060K [0x00000000d5580000, 0x00000000d6480000, 0x0000000100000000)
  eden space 12800K, 100% used [0x00000000d5580000,0x00000000d6200000,0x00000000d6200000)
  from space 512K, 50% used [0x00000000d6200000,0x00000000d6241210,0x00000000d6280000)
  to   space 1024K, 0% used [0x00000000d6380000,0x00000000d6380000,0x00000000d6480000)
 ParOldGen       total 109568K, used 109430K [0x0000000080000000, 0x0000000086b00000, 0x00000000d5580000)
  object space 109568K, 99% used [0x0000000080000000,0x0000000086add9c8,0x0000000086b00000)
 Metaspace       used 65555K, committed 67136K, reserved 1114112K
  class space    used 6713K, committed 7360K, reserved 1048576K
}
Event: 47.119 GC heap after
{Heap after GC invocations=113 (full 3):
 PSYoungGen      total 13312K, used 1002K [0x00000000d5580000, 0x00000000d6600000, 0x0000000100000000)
  eden space 12288K, 0% used [0x00000000d5580000,0x00000000d5580000,0x00000000d6180000)
  from space 1024K, 97% used [0x00000000d6380000,0x00000000d647a910,0x00000000d6480000)
  to   space 2048K, 0% used [0x00000000d6180000,0x00000000d6180000,0x00000000d6380000)
 ParOldGen       total 110080K, used 109994K [0x0000000080000000, 0x0000000086b80000, 0x00000000d5580000)
  object space 110080K, 99% used [0x0000000080000000,0x0000000086b6abf8,0x0000000086b80000)
 Metaspace       used 65555K, committed 67136K, reserved 1114112K
  class space    used 6713K, committed 7360K, reserved 1048576K
}

