# JRE version: Java(TM) SE Runtime Environment (21.0.1+12) (build 21.0.1+12-LTS-29)
# Java VM: Java HotSpot(TM) 64-Bit Server VM (21.0.1+12-LTS-29, mixed mode, sharing, tiered, compressed oops, compressed class ptrs, g1 gc, windows-amd64)
GC Precious Log:
 CardTable entry size: 512
 Card Set container configuration: InlinePtr #cards 5 size 8 Array Of Cards #cards 12 size 40 Howl #buckets 4 coarsen threshold 1843 Howl Bitmap #cards 512 size 80 coarsen threshold 460 Card regions per heap region 1 cards per card region 2048
 CPUs: 8 total, 8 available
 Memory: 7502M
 Large Page Support: Disabled
 NUMA Support: Disabled
 Compressed Oops: Enabled (32-bit)
 Heap Region Size: 1M
 Heap Min Capacity: 8M
 Heap Initial Capacity: 118M
 Heap Max Capacity: 2G
 Pre-touch: Disabled
 Parallel Workers: 8
 Concurrent Workers: 2
 Concurrent Refinement Workers: 8
 Periodic GC: Disabled
Heap:
 garbage-first heap   total 160768K, used 121370K [0x0000000080000000, 0x0000000100000000)
  region size 1024K, 32 young (32768K), 8 survivors (8192K)
 Metaspace       used 83041K, committed 85248K, reserved 1179648K
  class space    used 11432K, committed 12480K, reserved 1048576K
GC Heap History (20 events):
Event: 109.924 GC heap before
{Heap before GC invocations=25 (full 0):
 garbage-first heap   total 101376K, used 86688K [0x0000000080000000, 0x0000000100000000)
  region size 1024K, 32 young (32768K), 3 survivors (3072K)
 Metaspace       used 61210K, committed 63104K, reserved 1114112K
  class space    used 8581K, committed 9536K, reserved 1048576K
}
Event: 109.935 GC heap after
{Heap after GC invocations=26 (full 0):
 garbage-first heap   total 101376K, used 59853K [0x0000000080000000, 0x0000000100000000)
  region size 1024K, 4 young (4096K), 4 survivors (4096K)
 Metaspace       used 61210K, committed 63104K, reserved 1114112K
  class space    used 8581K, committed 9536K, reserved 1048576K
}
Event: 112.330 GC heap before
{Heap before GC invocations=26 (full 0):
 garbage-first heap   total 101376K, used 99789K [0x0000000080000000, 0x0000000100000000)
  region size 1024K, 31 young (31744K), 4 survivors (4096K)
 Metaspace       used 62229K, committed 64128K, reserved 1114112K
  class space    used 8704K, committed 9664K, reserved 1048576K
}
Event: 112.342 GC heap after
{Heap after GC invocations=27 (full 0):
 garbage-first heap   total 114688K, used 78282K [0x0000000080000000, 0x0000000100000000)
  region size 1024K, 5 young (5120K), 5 survivors (5120K)
 Metaspace       used 62229K, committed 64128K, reserved 1114112K
  class space    used 8704K, committed 9664K, reserved 1048576K
}
Event: 112.811 GC heap before
{Heap before GC invocations=27 (full 0):
 garbage-first heap   total 114688K, used 79306K [0x0000000080000000, 0x0000000100000000)
  region size 1024K, 8 young (8192K), 5 survivors (5120K)
 Metaspace       used 62370K, committed 64256K, reserved 1114112K
  class space    used 8715K, committed 9664K, reserved 1048576K
}
Event: 112.825 GC heap after
{Heap after GC invocations=28 (full 0):
 garbage-first heap   total 114688K, used 78681K [0x0000000080000000, 0x0000000100000000)
  region size 1024K, 1 young (1024K), 1 survivors (1024K)
 Metaspace       used 62370K, committed 64256K, reserved 1114112K
  class space    used 8715K, committed 9664K, reserved 1048576K
}
Event: 116.687 GC heap before
{Heap before GC invocations=29 (full 0):
 garbage-first heap   total 137216K, used 104281K [0x0000000080000000, 0x0000000100000000)
  region size 1024K, 25 young (25600K), 1 survivors (1024K)
 Metaspace       used 64322K, committed 66240K, reserved 1114112K
  class space    used 8958K, committed 9920K, reserved 1048576K
}
Event: 116.691 GC heap after
{Heap after GC invocations=30 (full 0):
 garbage-first heap   total 137216K, used 80465K [0x0000000080000000, 0x0000000100000000)
  region size 1024K, 2 young (2048K), 2 survivors (2048K)
 Metaspace       used 64322K, committed 66240K, reserved 1114112K
  class space    used 8958K, committed 9920K, reserved 1048576K
}
Event: 122.940 GC heap before
{Heap before GC invocations=30 (full 0):
 garbage-first heap   total 137216K, used 122449K [0x0000000080000000, 0x0000000100000000)
  region size 1024K, 44 young (45056K), 2 survivors (2048K)
 Metaspace       used 68572K, committed 70720K, reserved 1114112K
  class space    used 9535K, committed 10624K, reserved 1048576K
}
Event: 122.948 GC heap after
{Heap after GC invocations=31 (full 0):
 garbage-first heap   total 137216K, used 80286K [0x0000000080000000, 0x0000000100000000)
  region size 1024K, 3 young (3072K), 3 survivors (3072K)
 Metaspace       used 68572K, committed 70720K, reserved 1114112K
  class space    used 9535K, committed 10624K, reserved 1048576K
}
Event: 123.282 GC heap before
{Heap before GC invocations=31 (full 0):
 garbage-first heap   total 137216K, used 85406K [0x0000000080000000, 0x0000000100000000)
  region size 1024K, 9 young (9216K), 3 survivors (3072K)
 Metaspace       used 68874K, committed 70976K, reserved 1114112K
  class space    used 9577K, committed 10624K, reserved 1048576K
}
Event: 123.286 GC heap after
{Heap after GC invocations=32 (full 0):
 garbage-first heap   total 137216K, used 81676K [0x0000000080000000, 0x0000000100000000)
  region size 1024K, 4 young (4096K), 4 survivors (4096K)
 Metaspace       used 68874K, committed 70976K, reserved 1114112K
  class space    used 9577K, committed 10624K, reserved 1048576K
}
Event: 125.975 GC heap before
{Heap before GC invocations=33 (full 0):
 garbage-first heap   total 160768K, used 128780K [0x0000000080000000, 0x0000000100000000)
  region size 1024K, 45 young (46080K), 4 survivors (4096K)
 Metaspace       used 71016K, committed 73152K, reserved 1114112K
  class space    used 9881K, committed 10944K, reserved 1048576K
}
Event: 125.984 GC heap after
{Heap after GC invocations=34 (full 0):
 garbage-first heap   total 160768K, used 86095K [0x0000000080000000, 0x0000000100000000)
  region size 1024K, 6 young (6144K), 6 survivors (6144K)
 Metaspace       used 71016K, committed 73152K, reserved 1114112K
  class space    used 9881K, committed 10944K, reserved 1048576K
}
Event: 132.481 GC heap before
{Heap before GC invocations=34 (full 0):
 garbage-first heap   total 160768K, used 138319K [0x0000000080000000, 0x0000000100000000)
  region size 1024K, 58 young (59392K), 6 survivors (6144K)
 Metaspace       used 76587K, committed 78720K, reserved 1179648K
  class space    used 10549K, committed 11584K, reserved 1048576K
}
Event: 132.499 GC heap after
{Heap after GC invocations=35 (full 0):
 garbage-first heap   total 160768K, used 87936K [0x0000000080000000, 0x0000000100000000)
  region size 1024K, 8 young (8192K), 8 survivors (8192K)
 Metaspace       used 76587K, committed 78720K, reserved 1179648K
  class space    used 10549K, committed 11584K, reserved 1048576K
}
Event: 137.890 GC heap before
{Heap before GC invocations=35 (full 0):
 garbage-first heap   total 160768K, used 130944K [0x0000000080000000, 0x0000000100000000)
  region size 1024K, 51 young (52224K), 8 survivors (8192K)
 Metaspace       used 79769K, committed 81856K, reserved 1179648K
  class space    used 10968K, committed 12032K, reserved 1048576K
}
Event: 137.901 GC heap after
{Heap after GC invocations=36 (full 0):
 garbage-first heap   total 160768K, used 89463K [0x0000000080000000, 0x0000000100000000)
  region size 1024K, 5 young (5120K), 5 survivors (5120K)
 Metaspace       used 79769K, committed 81856K, reserved 1179648K
  class space    used 10968K, committed 12032K, reserved 1048576K
}
Event: 145.089 GC heap before
{Heap before GC invocations=37 (full 0):
 garbage-first heap   total 160768K, used 146807K [0x0000000080000000, 0x0000000100000000)
  region size 1024K, 59 young (60416K), 5 survivors (5120K)
 Metaspace       used 81257K, committed 83456K, reserved 1179648K
  class space    used 11191K, committed 12288K, reserved 1048576K
}
Event: 145.097 GC heap after
{Heap after GC invocations=38 (full 0):
 garbage-first heap   total 160768K, used 97818K [0x0000000080000000, 0x0000000100000000)
  region size 1024K, 8 young (8192K), 8 survivors (8192K)
 Metaspace       used 81257K, committed 83456K, reserved 1179648K
  class space    used 11191K, committed 12288K, reserved 1048576K
}

