# JRE version: Java(TM) SE Runtime Environment (21.0.1+12) (build 21.0.1+12-LTS-29)
# Java VM: Java HotSpot(TM) 64-Bit Server VM (21.0.1+12-LTS-29, mixed mode, sharing, tiered, compressed oops, compressed class ptrs, g1 gc, windows-amd64)
GC Precious Log:
 CardTable entry size: 512
 Card Set container configuration: InlinePtr #cards 5 size 8 Array Of Cards #cards 12 size 40 Howl #buckets 4 coarsen threshold 1843 Howl Bitmap #cards 512 size 80 coarsen threshold 460 Card regions per heap region 1 cards per card region 2048
 CPUs: 8 total, 8 available
 Memory: 7502M
 Large Page Support: Disabled
 NUMA Support: Disabled
 Compressed Oops: Enabled (32-bit)
 Heap Region Size: 1M
 Heap Min Capacity: 8M
 Heap Initial Capacity: 118M
 Heap Max Capacity: 1876M
 Pre-touch: Disabled
 Parallel Workers: 8
 Concurrent Workers: 2
 Concurrent Refinement Workers: 8
 Periodic GC: Disabled
Heap:
 garbage-first heap   total 120832K, used 15742K [0x000000008ac00000, 0x0000000100000000)
  region size 1024K, 12 young (12288K), 9 survivors (9216K)
 Metaspace       used 16036K, committed 16320K, reserved 1114112K
  class space    used 1869K, committed 1984K, reserved 1048576K
GC Heap History (6 events):
Event: 4.494 GC heap before
{Heap before GC invocations=0 (full 0):
 garbage-first heap   total 120832K, used 22528K [0x000000008ac00000, 0x0000000100000000)
  region size 1024K, 23 young (23552K), 0 survivors (0K)
 Metaspace       used 5629K, committed 5824K, reserved 1114112K
  class space    used 660K, committed 768K, reserved 1048576K
}
Event: 4.518 GC heap after
{Heap after GC invocations=1 (full 0):
 garbage-first heap   total 120832K, used 3776K [0x000000008ac00000, 0x0000000100000000)
  region size 1024K, 3 young (3072K), 3 survivors (3072K)
 Metaspace       used 5629K, committed 5824K, reserved 1114112K
  class space    used 660K, committed 768K, reserved 1048576K
}
Event: 6.815 GC heap before
{Heap before GC invocations=1 (full 0):
 garbage-first heap   total 120832K, used 34496K [0x000000008ac00000, 0x0000000100000000)
  region size 1024K, 33 young (33792K), 3 survivors (3072K)
 Metaspace       used 9641K, committed 9856K, reserved 1114112K
  class space    used 1150K, committed 1280K, reserved 1048576K
}
Event: 6.826 GC heap after
{Heap after GC invocations=2 (full 0):
 garbage-first heap   total 120832K, used 5655K [0x000000008ac00000, 0x0000000100000000)
  region size 1024K, 2 young (2048K), 2 survivors (2048K)
 Metaspace       used 9641K, committed 9856K, reserved 1114112K
  class space    used 1150K, committed 1280K, reserved 1048576K
}
Event: 13.379 GC heap before
{Heap before GC invocations=2 (full 0):
 garbage-first heap   total 120832K, used 75287K [0x000000008ac00000, 0x0000000100000000)
  region size 1024K, 70 young (71680K), 2 survivors (2048K)
 Metaspace       used 16018K, committed 16256K, reserved 1114112K
  class space    used 1869K, committed 1984K, reserved 1048576K
}
Event: 13.411 GC heap after
{Heap after GC invocations=3 (full 0):
 garbage-first heap   total 120832K, used 13694K [0x000000008ac00000, 0x0000000100000000)
  region size 1024K, 9 young (9216K), 9 survivors (9216K)
 Metaspace       used 16018K, committed 16256K, reserved 1114112K
  class space    used 1869K, committed 1984K, reserved 1048576K
}

