# JRE version: Java(TM) SE Runtime Environment (21.0.1+12) (build 21.0.1+12-LTS-29)
# Java VM: Java HotSpot(TM) 64-Bit Server VM (21.0.1+12-LTS-29, mixed mode, sharing, tiered, compressed oops, compressed class ptrs, g1 gc, windows-amd64)
GC Precious Log:
 CardTable entry size: 512
 Card Set container configuration: InlinePtr #cards 5 size 8 Array Of Cards #cards 12 size 40 Howl #buckets 4 coarsen threshold 1843 Howl Bitmap #cards 512 size 80 coarsen threshold 460 Card regions per heap region 1 cards per card region 2048
 CPUs: 8 total, 8 available
 Memory: 7502M
 Large Page Support: Disabled
 NUMA Support: Disabled
 Compressed Oops: Enabled (32-bit)
 Heap Region Size: 1M
 Heap Min Capacity: 8M
 Heap Initial Capacity: 118M
 Heap Max Capacity: 2G
 Pre-touch: Disabled
 Parallel Workers: 8
 Concurrent Workers: 2
 Concurrent Refinement Workers: 8
 Periodic GC: Disabled
Heap:
 garbage-first heap   total 119808K, used 92422K [0x0000000080000000, 0x0000000100000000)
  region size 1024K, 24 young (24576K), 2 survivors (2048K)
 Metaspace       used 62619K, committed 64576K, reserved 1114112K
  class space    used 8709K, committed 9664K, reserved 1048576K
GC Heap History (20 events):
Event: 50.692 GC heap before
{Heap before GC invocations=14 (full 0):
 garbage-first heap   total 89088K, used 77801K [0x0000000080000000, 0x0000000100000000)
  region size 1024K, 41 young (41984K), 4 survivors (4096K)
 Metaspace       used 55951K, committed 57792K, reserved 1114112K
  class space    used 7986K, committed 8896K, reserved 1048576K
}
Event: 50.701 GC heap after
{Heap after GC invocations=15 (full 0):
 garbage-first heap   total 89088K, used 44135K [0x0000000080000000, 0x0000000100000000)
  region size 1024K, 6 young (6144K), 6 survivors (6144K)
 Metaspace       used 55951K, committed 57792K, reserved 1114112K
  class space    used 7986K, committed 8896K, reserved 1048576K
}
Event: 56.801 GC heap before
{Heap before GC invocations=15 (full 0):
 garbage-first heap   total 89088K, used 75879K [0x0000000080000000, 0x0000000100000000)
  region size 1024K, 38 young (38912K), 6 survivors (6144K)
 Metaspace       used 57172K, committed 59008K, reserved 1114112K
  class space    used 8101K, committed 9024K, reserved 1048576K
}
Event: 56.810 GC heap after
{Heap after GC invocations=16 (full 0):
 garbage-first heap   total 89088K, used 48180K [0x0000000080000000, 0x0000000100000000)
  region size 1024K, 4 young (4096K), 4 survivors (4096K)
 Metaspace       used 57172K, committed 59008K, reserved 1114112K
  class space    used 8101K, committed 9024K, reserved 1048576K
}
Event: 60.997 GC heap before
{Heap before GC invocations=16 (full 0):
 garbage-first heap   total 89088K, used 77876K [0x0000000080000000, 0x0000000100000000)
  region size 1024K, 34 young (34816K), 4 survivors (4096K)
 Metaspace       used 57851K, committed 59648K, reserved 1114112K
  class space    used 8175K, committed 9088K, reserved 1048576K
}
Event: 61.006 GC heap after
{Heap after GC invocations=17 (full 0):
 garbage-first heap   total 89088K, used 52193K [0x0000000080000000, 0x0000000100000000)
  region size 1024K, 5 young (5120K), 5 survivors (5120K)
 Metaspace       used 57851K, committed 59648K, reserved 1114112K
  class space    used 8175K, committed 9088K, reserved 1048576K
}
Event: 68.702 GC heap before
{Heap before GC invocations=18 (full 0):
 garbage-first heap   total 92160K, used 76769K [0x0000000080000000, 0x0000000100000000)
  region size 1024K, 30 young (30720K), 5 survivors (5120K)
 Metaspace       used 58092K, committed 59904K, reserved 1114112K
  class space    used 8202K, committed 9088K, reserved 1048576K
}
Event: 68.707 GC heap after
{Heap after GC invocations=19 (full 0):
 garbage-first heap   total 92160K, used 52619K [0x0000000080000000, 0x0000000100000000)
  region size 1024K, 4 young (4096K), 4 survivors (4096K)
 Metaspace       used 58092K, committed 59904K, reserved 1114112K
  class space    used 8202K, committed 9088K, reserved 1048576K
}
Event: 70.726 GC heap before
{Heap before GC invocations=19 (full 0):
 garbage-first heap   total 92160K, used 81291K [0x0000000080000000, 0x0000000100000000)
  region size 1024K, 33 young (33792K), 4 survivors (4096K)
 Metaspace       used 58183K, committed 59968K, reserved 1114112K
  class space    used 8202K, committed 9088K, reserved 1048576K
}
Event: 70.734 GC heap after
{Heap after GC invocations=20 (full 0):
 garbage-first heap   total 92160K, used 51165K [0x0000000080000000, 0x0000000100000000)
  region size 1024K, 4 young (4096K), 4 survivors (4096K)
 Metaspace       used 58183K, committed 59968K, reserved 1114112K
  class space    used 8202K, committed 9088K, reserved 1048576K
}
Event: 72.169 GC heap before
{Heap before GC invocations=20 (full 0):
 garbage-first heap   total 92160K, used 79837K [0x0000000080000000, 0x0000000100000000)
  region size 1024K, 33 young (33792K), 4 survivors (4096K)
 Metaspace       used 58194K, committed 59968K, reserved 1114112K
  class space    used 8202K, committed 9088K, reserved 1048576K
}
Event: 72.175 GC heap after
{Heap after GC invocations=21 (full 0):
 garbage-first heap   total 92160K, used 52275K [0x0000000080000000, 0x0000000100000000)
  region size 1024K, 3 young (3072K), 3 survivors (3072K)
 Metaspace       used 58194K, committed 59968K, reserved 1114112K
  class space    used 8202K, committed 9088K, reserved 1048576K
}
Event: 73.523 GC heap before
{Heap before GC invocations=22 (full 0):
 garbage-first heap   total 92160K, used 80947K [0x0000000080000000, 0x0000000100000000)
  region size 1024K, 32 young (32768K), 3 survivors (3072K)
 Metaspace       used 58202K, committed 60032K, reserved 1114112K
  class space    used 8203K, committed 9088K, reserved 1048576K
}
Event: 73.532 GC heap after
{Heap after GC invocations=23 (full 0):
 garbage-first heap   total 92160K, used 53346K [0x0000000080000000, 0x0000000100000000)
  region size 1024K, 3 young (3072K), 3 survivors (3072K)
 Metaspace       used 58202K, committed 60032K, reserved 1114112K
  class space    used 8203K, committed 9088K, reserved 1048576K
}
Event: 81.275 GC heap before
{Heap before GC invocations=23 (full 0):
 garbage-first heap   total 92160K, used 90210K [0x0000000080000000, 0x0000000100000000)
  region size 1024K, 28 young (28672K), 3 survivors (3072K)
 Metaspace       used 58926K, committed 60800K, reserved 1114112K
  class space    used 8289K, committed 9216K, reserved 1048576K
}
Event: 81.284 GC heap after
{Heap after GC invocations=24 (full 0):
 garbage-first heap   total 101376K, used 67751K [0x0000000080000000, 0x0000000100000000)
  region size 1024K, 4 young (4096K), 4 survivors (4096K)
 Metaspace       used 58926K, committed 60800K, reserved 1114112K
  class space    used 8289K, committed 9216K, reserved 1048576K
}
Event: 81.400 GC heap before
{Heap before GC invocations=24 (full 0):
 garbage-first heap   total 101376K, used 68775K [0x0000000080000000, 0x0000000100000000)
  region size 1024K, 6 young (6144K), 4 survivors (4096K)
 Metaspace       used 59021K, committed 60864K, reserved 1114112K
  class space    used 8300K, committed 9216K, reserved 1048576K
}
Event: 81.407 GC heap after
{Heap after GC invocations=25 (full 0):
 garbage-first heap   total 101376K, used 68577K [0x0000000080000000, 0x0000000100000000)
  region size 1024K, 1 young (1024K), 1 survivors (1024K)
 Metaspace       used 59021K, committed 60864K, reserved 1114112K
  class space    used 8300K, committed 9216K, reserved 1048576K
}
Event: 82.970 GC heap before
{Heap before GC invocations=26 (full 0):
 garbage-first heap   total 119808K, used 91105K [0x0000000080000000, 0x0000000100000000)
  region size 1024K, 22 young (22528K), 1 survivors (1024K)
 Metaspace       used 60596K, committed 62464K, reserved 1114112K
  class space    used 8495K, committed 9408K, reserved 1048576K
}
Event: 82.974 GC heap after
{Heap after GC invocations=27 (full 0):
 garbage-first heap   total 119808K, used 71942K [0x0000000080000000, 0x0000000100000000)
  region size 1024K, 2 young (2048K), 2 survivors (2048K)
 Metaspace       used 60596K, committed 62464K, reserved 1114112K
  class space    used 8495K, committed 9408K, reserved 1048576K
}

