# JRE version: Java(TM) SE Runtime Environment (21.0.1+12) (build 21.0.1+12-LTS-29)
# Java VM: Java HotSpot(TM) 64-Bit Server VM (21.0.1+12-LTS-29, mixed mode, sharing, tiered, compressed oops, compressed class ptrs, g1 gc, windows-amd64)
GC Precious Log:
 CardTable entry size: 512
 Card Set container configuration: InlinePtr #cards 4 size 8 Array Of Cards #cards 16 size 48 Howl #buckets 8 coarsen threshold 3686 Howl Bitmap #cards 512 size 80 coarsen threshold 460 Card regions per heap region 1 cards per card region 4096
 CPUs: 8 total, 8 available
 Memory: 7502M
 Large Page Support: Disabled
 NUMA Support: Disabled
 Compressed Oops: Enabled (Zero based)
 Heap Region Size: 2M
 Heap Min Capacity: 8M
 Heap Initial Capacity: 118M
 Heap Max Capacity: 4G
 Pre-touch: Disabled
 Parallel Workers: 8
 Concurrent Workers: 2
 Concurrent Refinement Workers: 8
 Periodic GC: Disabled
Heap:
 garbage-first heap   total 305152K, used 206994K [0x0000000700000000, 0x0000000800000000)
  region size 2048K, 34 young (69632K), 9 survivors (18432K)
 Metaspace       used 129335K, committed 131968K, reserved 1179648K
  class space    used 17096K, committed 18432K, reserved 1048576K
GC Heap History (20 events):
Event: 39.668 GC heap before
{Heap before GC invocations=35 (full 0):
 garbage-first heap   total 151552K, used 138879K [0x0000000700000000, 0x0000000800000000)
  region size 2048K, 25 young (51200K), 2 survivors (4096K)
 Metaspace       used 81182K, committed 83328K, reserved 1179648K
  class space    used 11198K, committed 12224K, reserved 1048576K
}
Event: 39.679 GC heap after
{Heap after GC invocations=36 (full 0):
 garbage-first heap   total 151552K, used 95972K [0x0000000700000000, 0x0000000800000000)
  region size 2048K, 4 young (8192K), 4 survivors (8192K)
 Metaspace       used 81182K, committed 83328K, reserved 1179648K
  class space    used 11198K, committed 12224K, reserved 1048576K
}
Event: 41.373 GC heap before
{Heap before GC invocations=36 (full 0):
 garbage-first heap   total 151552K, used 130788K [0x0000000700000000, 0x0000000800000000)
  region size 2048K, 22 young (45056K), 4 survivors (8192K)
 Metaspace       used 85208K, committed 87360K, reserved 1179648K
  class space    used 11696K, committed 12736K, reserved 1048576K
}
Event: 41.384 GC heap after
{Heap after GC invocations=37 (full 0):
 garbage-first heap   total 151552K, used 98238K [0x0000000700000000, 0x0000000800000000)
  region size 2048K, 2 young (4096K), 2 survivors (4096K)
 Metaspace       used 85208K, committed 87360K, reserved 1179648K
  class space    used 11696K, committed 12736K, reserved 1048576K
}
Event: 43.084 GC heap before
{Heap before GC invocations=38 (full 0):
 garbage-first heap   total 172032K, used 135102K [0x0000000700000000, 0x0000000800000000)
  region size 2048K, 20 young (40960K), 2 survivors (4096K)
 Metaspace       used 90749K, committed 92992K, reserved 1179648K
  class space    used 12386K, committed 13504K, reserved 1048576K
}
Event: 43.088 GC heap after
{Heap after GC invocations=39 (full 0):
 garbage-first heap   total 172032K, used 98563K [0x0000000700000000, 0x0000000800000000)
  region size 2048K, 2 young (4096K), 2 survivors (4096K)
 Metaspace       used 90749K, committed 92992K, reserved 1179648K
  class space    used 12386K, committed 13504K, reserved 1048576K
}
Event: 44.034 GC heap before
{Heap before GC invocations=39 (full 0):
 garbage-first heap   total 172032K, used 160003K [0x0000000700000000, 0x0000000800000000)
  region size 2048K, 30 young (61440K), 2 survivors (4096K)
 Metaspace       used 96217K, committed 98496K, reserved 1179648K
  class space    used 13480K, committed 14592K, reserved 1048576K
}
Event: 44.046 GC heap after
{Heap after GC invocations=40 (full 0):
 garbage-first heap   total 178176K, used 111833K [0x0000000700000000, 0x0000000800000000)
  region size 2048K, 4 young (8192K), 4 survivors (8192K)
 Metaspace       used 96217K, committed 98496K, reserved 1179648K
  class space    used 13480K, committed 14592K, reserved 1048576K
}
Event: 44.378 GC heap before
{Heap before GC invocations=40 (full 0):
 garbage-first heap   total 178176K, used 158937K [0x0000000700000000, 0x0000000800000000)
  region size 2048K, 27 young (55296K), 4 survivors (8192K)
 Metaspace       used 96345K, committed 98624K, reserved 1179648K
  class space    used 13485K, committed 14592K, reserved 1048576K
}
Event: 44.399 GC heap after
{Heap after GC invocations=41 (full 0):
 garbage-first heap   total 182272K, used 119778K [0x0000000700000000, 0x0000000800000000)
  region size 2048K, 4 young (8192K), 4 survivors (8192K)
 Metaspace       used 96345K, committed 98624K, reserved 1179648K
  class space    used 13485K, committed 14592K, reserved 1048576K
}
Event: 45.026 GC heap before
{Heap before GC invocations=42 (full 0):
 garbage-first heap   total 229376K, used 158690K [0x0000000700000000, 0x0000000800000000)
  region size 2048K, 23 young (47104K), 4 survivors (8192K)
 Metaspace       used 97753K, committed 99968K, reserved 1179648K
  class space    used 13694K, committed 14784K, reserved 1048576K
}
Event: 45.040 GC heap after
{Heap after GC invocations=43 (full 0):
 garbage-first heap   total 229376K, used 128203K [0x0000000700000000, 0x0000000800000000)
  region size 2048K, 3 young (6144K), 3 survivors (6144K)
 Metaspace       used 97753K, committed 99968K, reserved 1179648K
  class space    used 13694K, committed 14784K, reserved 1048576K
}
Event: 47.378 GC heap before
{Heap before GC invocations=43 (full 0):
 garbage-first heap   total 229376K, used 199883K [0x0000000700000000, 0x0000000800000000)
  region size 2048K, 35 young (71680K), 3 survivors (6144K)
 Metaspace       used 104819K, committed 107136K, reserved 1179648K
  class space    used 14349K, committed 15488K, reserved 1048576K
}
Event: 47.389 GC heap after
{Heap after GC invocations=44 (full 0):
 garbage-first heap   total 229376K, used 140466K [0x0000000700000000, 0x0000000800000000)
  region size 2048K, 4 young (8192K), 4 survivors (8192K)
 Metaspace       used 104819K, committed 107136K, reserved 1179648K
  class space    used 14349K, committed 15488K, reserved 1048576K
}
Event: 49.293 GC heap before
{Heap before GC invocations=44 (full 0):
 garbage-first heap   total 229376K, used 199858K [0x0000000700000000, 0x0000000800000000)
  region size 2048K, 33 young (67584K), 4 survivors (8192K)
 Metaspace       used 111810K, committed 114368K, reserved 1179648K
  class space    used 15237K, committed 16512K, reserved 1048576K
}
Event: 49.302 GC heap after
{Heap after GC invocations=45 (full 0):
 garbage-first heap   total 229376K, used 144511K [0x0000000700000000, 0x0000000800000000)
  region size 2048K, 3 young (6144K), 3 survivors (6144K)
 Metaspace       used 111810K, committed 114368K, reserved 1179648K
  class space    used 15237K, committed 16512K, reserved 1048576K
}
Event: 50.496 GC heap before
{Heap before GC invocations=46 (full 0):
 garbage-first heap   total 253952K, used 201855K [0x0000000700000000, 0x0000000800000000)
  region size 2048K, 31 young (63488K), 3 survivors (6144K)
 Metaspace       used 116059K, committed 118656K, reserved 1179648K
  class space    used 15789K, committed 17088K, reserved 1048576K
}
Event: 50.506 GC heap after
{Heap after GC invocations=47 (full 0):
 garbage-first heap   total 305152K, used 147549K [0x0000000700000000, 0x0000000800000000)
  region size 2048K, 4 young (8192K), 4 survivors (8192K)
 Metaspace       used 116059K, committed 118656K, reserved 1179648K
  class space    used 15789K, committed 17088K, reserved 1048576K
}
Event: 56.889 GC heap before
{Heap before GC invocations=47 (full 0):
 garbage-first heap   total 305152K, used 276573K [0x0000000700000000, 0x0000000800000000)
  region size 2048K, 67 young (137216K), 4 survivors (8192K)
 Metaspace       used 123328K, committed 125888K, reserved 1179648K
  class space    used 16426K, committed 17728K, reserved 1048576K
}
Event: 56.924 GC heap after
{Heap after GC invocations=48 (full 0):
 garbage-first heap   total 305152K, used 157842K [0x0000000700000000, 0x0000000800000000)
  region size 2048K, 9 young (18432K), 9 survivors (18432K)
 Metaspace       used 123328K, committed 125888K, reserved 1179648K
  class space    used 16426K, committed 17728K, reserved 1048576K
}

