# JRE version: Java(TM) SE Runtime Environment (23.0.2+7) (build 23.0.2+7-58)
# Java VM: Java HotSpot(TM) 64-Bit Server VM (23.0.2+7-58, mixed mode, emulated-client, sharing, tiered, compressed oops, compressed class ptrs, g1 gc, windows-amd64)
GC Precious Log:
 CardTable entry size: 512
 Card Set container configuration: InlinePtr #cards 4 size 8 Array Of Cards #cards 16 size 48 Howl #buckets 8 coarsen threshold 3686 Howl Bitmap #cards 512 size 80 coarsen threshold 460 Card regions per heap region 1 cards per card region 4096
 CPUs: 8 total, 8 available
 Memory: 15647M
 Large Page Support: Disabled
 NUMA Support: Disabled
 Compressed Oops: Enabled (Zero based)
 Heap Region Size: 2M
 Heap Min Capacity: 8M
 Heap Initial Capacity: 246M
 Heap Max Capacity: 3912M
 Pre-touch: Disabled
 Parallel Workers: 8
 Concurrent Workers: 2
 Concurrent Refinement Workers: 8
 Periodic GC: Disabled
Heap:
 garbage-first heap   total reserved 4005888K, committed 75776K, used 43697K [0x000000070b800000, 0x0000000800000000)
  region size 2048K, 2 young (4096K), 2 survivors (4096K)
 Metaspace       used 67593K, committed 68288K, reserved 1114112K
  class space    used 10256K, committed 10560K, reserved 1048576K
GC Heap History (20 events):
Event: 16.664 GC heap after
{Heap after GC invocations=15 (full 0):
 garbage-first heap   total reserved 4005888K, committed 69632K, used 34302K [0x000000070b800000, 0x0000000800000000)
  region size 2048K, 2 young (4096K), 2 survivors (4096K)
 Metaspace       used 59643K, committed 60224K, reserved 1114112K
  class space    used 8819K, committed 9088K, reserved 1048576K
}
Event: 16.718 GC heap before
{Heap before GC invocations=15 (full 0):
 garbage-first heap   total reserved 4005888K, committed 69632K, used 34302K [0x000000070b800000, 0x0000000800000000)
  region size 2048K, 3 young (6144K), 2 survivors (4096K)
 Metaspace       used 59876K, committed 60480K, reserved 1114112K
  class space    used 8858K, committed 9152K, reserved 1048576K
}
Event: 16.723 GC heap after
{Heap after GC invocations=16 (full 0):
 garbage-first heap   total reserved 4005888K, committed 69632K, used 34849K [0x000000070b800000, 0x0000000800000000)
  region size 2048K, 1 young (2048K), 1 survivors (2048K)
 Metaspace       used 59876K, committed 60480K, reserved 1114112K
  class space    used 8858K, committed 9152K, reserved 1048576K
}
Event: 17.696 GC heap before
{Heap before GC invocations=17 (full 0):
 garbage-first heap   total reserved 4005888K, committed 69632K, used 59425K [0x000000070b800000, 0x0000000800000000)
  region size 2048K, 13 young (26624K), 1 survivors (2048K)
 Metaspace       used 62351K, committed 63040K, reserved 1114112K
  class space    used 9242K, committed 9536K, reserved 1048576K
}
Event: 17.699 GC heap after
{Heap after GC invocations=18 (full 0):
 garbage-first heap   total reserved 4005888K, committed 69632K, used 36560K [0x000000070b800000, 0x0000000800000000)
  region size 2048K, 2 young (4096K), 2 survivors (4096K)
 Metaspace       used 62351K, committed 63040K, reserved 1114112K
  class space    used 9242K, committed 9536K, reserved 1048576K
}
Event: 18.130 GC heap before
{Heap before GC invocations=18 (full 0):
 garbage-first heap   total reserved 4005888K, committed 69632K, used 57040K [0x000000070b800000, 0x0000000800000000)
  region size 2048K, 12 young (24576K), 2 survivors (4096K)
 Metaspace       used 64359K, committed 65024K, reserved 1114112K
  class space    used 9657K, committed 9920K, reserved 1048576K
}
Event: 18.136 GC heap after
{Heap after GC invocations=19 (full 0):
 garbage-first heap   total reserved 4005888K, committed 69632K, used 37393K [0x000000070b800000, 0x0000000800000000)
  region size 2048K, 1 young (2048K), 1 survivors (2048K)
 Metaspace       used 64359K, committed 65024K, reserved 1114112K
  class space    used 9657K, committed 9920K, reserved 1048576K
}
Event: 18.581 GC heap before
{Heap before GC invocations=19 (full 0):
 garbage-first heap   total reserved 4005888K, committed 69632K, used 59921K [0x000000070b800000, 0x0000000800000000)
  region size 2048K, 12 young (24576K), 1 survivors (2048K)
 Metaspace       used 65987K, committed 66688K, reserved 1114112K
  class space    used 10023K, committed 10304K, reserved 1048576K
}
Event: 18.584 GC heap after
{Heap after GC invocations=20 (full 0):
 garbage-first heap   total reserved 4005888K, committed 69632K, used 38304K [0x000000070b800000, 0x0000000800000000)
  region size 2048K, 2 young (4096K), 2 survivors (4096K)
 Metaspace       used 65987K, committed 66688K, reserved 1114112K
  class space    used 10023K, committed 10304K, reserved 1048576K
}
Event: 19.125 GC heap before
{Heap before GC invocations=21 (full 0):
 garbage-first heap   total reserved 4005888K, committed 69632K, used 56736K [0x000000070b800000, 0x0000000800000000)
  region size 2048K, 11 young (22528K), 2 survivors (4096K)
 Metaspace       used 67446K, committed 68096K, reserved 1114112K
  class space    used 10232K, committed 10496K, reserved 1048576K
}
Event: 19.129 GC heap after
{Heap after GC invocations=22 (full 0):
 garbage-first heap   total reserved 4005888K, committed 69632K, used 41028K [0x000000070b800000, 0x0000000800000000)
  region size 2048K, 2 young (4096K), 2 survivors (4096K)
 Metaspace       used 67446K, committed 68096K, reserved 1114112K
  class space    used 10232K, committed 10496K, reserved 1048576K
}
Event: 19.223 GC heap before
{Heap before GC invocations=22 (full 0):
 garbage-first heap   total reserved 4005888K, committed 69632K, used 57412K [0x000000070b800000, 0x0000000800000000)
  region size 2048K, 10 young (20480K), 2 survivors (4096K)
 Metaspace       used 67450K, committed 68096K, reserved 1114112K
  class space    used 10232K, committed 10496K, reserved 1048576K
}
Event: 19.229 GC heap after
{Heap after GC invocations=23 (full 0):
 garbage-first heap   total reserved 4005888K, committed 69632K, used 41060K [0x000000070b800000, 0x0000000800000000)
  region size 2048K, 2 young (4096K), 2 survivors (4096K)
 Metaspace       used 67450K, committed 68096K, reserved 1114112K
  class space    used 10232K, committed 10496K, reserved 1048576K
}
Event: 19.359 GC heap before
{Heap before GC invocations=23 (full 0):
 garbage-first heap   total reserved 4005888K, committed 69632K, used 57444K [0x000000070b800000, 0x0000000800000000)
  region size 2048K, 10 young (20480K), 2 survivors (4096K)
 Metaspace       used 67453K, committed 68096K, reserved 1114112K
  class space    used 10232K, committed 10496K, reserved 1048576K
}
Event: 19.362 GC heap after
{Heap after GC invocations=24 (full 0):
 garbage-first heap   total reserved 4005888K, committed 69632K, used 41391K [0x000000070b800000, 0x0000000800000000)
  region size 2048K, 2 young (4096K), 2 survivors (4096K)
 Metaspace       used 67453K, committed 68096K, reserved 1114112K
  class space    used 10232K, committed 10496K, reserved 1048576K
}
Event: 19.502 GC heap before
{Heap before GC invocations=25 (full 0):
 garbage-first heap   total reserved 4005888K, committed 75776K, used 55727K [0x000000070b800000, 0x0000000800000000)
  region size 2048K, 9 young (18432K), 2 survivors (4096K)
 Metaspace       used 67453K, committed 68096K, reserved 1114112K
  class space    used 10232K, committed 10496K, reserved 1048576K
}
Event: 19.505 GC heap after
{Heap after GC invocations=26 (full 0):
 garbage-first heap   total reserved 4005888K, committed 75776K, used 40301K [0x000000070b800000, 0x0000000800000000)
  region size 2048K, 1 young (2048K), 1 survivors (2048K)
 Metaspace       used 67453K, committed 68096K, reserved 1114112K
  class space    used 10232K, committed 10496K, reserved 1048576K
}
Event: 19.931 GC heap before
{Heap before GC invocations=26 (full 0):
 garbage-first heap   total reserved 4005888K, committed 75776K, used 64877K [0x000000070b800000, 0x0000000800000000)
  region size 2048K, 13 young (26624K), 1 survivors (2048K)
 Metaspace       used 67593K, committed 68288K, reserved 1114112K
  class space    used 10256K, committed 10560K, reserved 1048576K
}
Event: 19.936 GC heap after
{Heap after GC invocations=27 (full 0):
 garbage-first heap   total reserved 4005888K, committed 75776K, used 40514K [0x000000070b800000, 0x0000000800000000)
  region size 2048K, 1 young (2048K), 1 survivors (2048K)
 Metaspace       used 67593K, committed 68288K, reserved 1114112K
  class space    used 10256K, committed 10560K, reserved 1048576K
}
Event: 20.080 GC heap before
{Heap before GC invocations=27 (full 0):
 garbage-first heap   total reserved 4005888K, committed 75776K, used 65090K [0x000000070b800000, 0x0000000800000000)
  region size 2048K, 13 young (26624K), 1 survivors (2048K)
 Metaspace       used 67593K, committed 68288K, reserved 1114112K
  class space    used 10256K, committed 10560K, reserved 1048576K
}

