# JRE version: OpenJDK Runtime Environment Temurin-21.0.10+7 (21.0.10+7) (build 21.0.10+7-LTS)
# Java VM: OpenJDK 64-Bit Server VM Temurin-21.0.10+7 (21.0.10+7-LTS, mixed mode, sharing, tiered, compressed oops, compressed class ptrs, parallel gc, windows-amd64)
GC Precious Log:
 CardTable entry size: 512
 CPUs: 8 total, 8 available
 Memory: 7502M
 Large Page Support: Disabled
 NUMA Support: Disabled
 Compressed Oops: Enabled (32-bit)
 Alignments: Space 512K, Generation 512K, Heap 2M
 Heap Min Capacity: 100M
 Heap Initial Capacity: 100M
 Heap Max Capacity: 2G
 Pre-touch: Disabled
 Parallel Workers: 8
Heap:
 PSYoungGen      total 6144K, used 5411K [0x00000000d5580000, 0x00000000d5c80000, 0x0000000100000000)
  eden space 5120K, 92% used [0x00000000d5580000,0x00000000d5a1ebc8,0x00000000d5a80000)
  from space 1024K, 66% used [0x00000000d5b80000,0x00000000d5c2a400,0x00000000d5c80000)
  to   space 1024K, 0% used [0x00000000d5a80000,0x00000000d5a80000,0x00000000d5b80000)
 ParOldGen       total 1257984K, used 1257599K [0x0000000080000000, 0x00000000ccc80000, 0x00000000d5580000)
  object space 1257984K, 99% used [0x0000000080000000,0x00000000ccc1fc28,0x00000000ccc80000)
 Metaspace       used 95404K, committed 97408K, reserved 1179648K
  class space    used 10175K, committed 11072K, reserved 1048576K
GC Heap History (20 events):
Event: 3070.080 GC heap before
{Heap before GC invocations=1466 (full 5):
 PSYoungGen      total 5120K, used 4672K [0x00000000d5580000, 0x00000000d5b80000, 0x0000000100000000)
  eden space 4096K, 100% used [0x00000000d5580000,0x00000000d5980000,0x00000000d5980000)
  from space 1024K, 56% used [0x00000000d5980000,0x00000000d5a10000,0x00000000d5a80000)
  to   space 1024K, 0% used [0x00000000d5a80000,0x00000000d5a80000,0x00000000d5b80000)
 ParOldGen       total 1252864K, used 1252486K [0x0000000080000000, 0x00000000cc780000, 0x00000000d5580000)
  object space 1252864K, 99% used [0x0000000080000000,0x00000000cc721890,0x00000000cc780000)
 Metaspace       used 95327K, committed 97344K, reserved 1179648K
  class space    used 10169K, committed 11072K, reserved 1048576K
}
Event: 3070.084 GC heap after
{Heap after GC invocations=1466 (full 5):
 PSYoungGen      total 5120K, used 697K [0x00000000d5580000, 0x00000000d5b80000, 0x0000000100000000)
  eden space 4096K, 0% used [0x00000000d5580000,0x00000000d5580000,0x00000000d5980000)
  from space 1024K, 68% used [0x00000000d5a80000,0x00000000d5b2e410,0x00000000d5b80000)
  to   space 1024K, 0% used [0x00000000d5980000,0x00000000d5980000,0x00000000d5a80000)
 ParOldGen       total 1253376K, used 1252882K [0x0000000080000000, 0x00000000cc800000, 0x00000000d5580000)
  object space 1253376K, 99% used [0x0000000080000000,0x00000000cc784b20,0x00000000cc800000)
 Metaspace       used 95327K, committed 97344K, reserved 1179648K
  class space    used 10169K, committed 11072K, reserved 1048576K
}
Event: 3070.136 GC heap before
{Heap before GC invocations=1467 (full 5):
 PSYoungGen      total 5120K, used 4793K [0x00000000d5580000, 0x00000000d5b80000, 0x0000000100000000)
  eden space 4096K, 100% used [0x00000000d5580000,0x00000000d5980000,0x00000000d5980000)
  from space 1024K, 68% used [0x00000000d5a80000,0x00000000d5b2e410,0x00000000d5b80000)
  to   space 1024K, 0% used [0x00000000d5980000,0x00000000d5980000,0x00000000d5a80000)
 ParOldGen       total 1253376K, used 1252882K [0x0000000080000000, 0x00000000cc800000, 0x00000000d5580000)
  object space 1253376K, 99% used [0x0000000080000000,0x00000000cc784b20,0x00000000cc800000)
 Metaspace       used 95392K, committed 97408K, reserved 1179648K
  class space    used 10175K, committed 11072K, reserved 1048576K
}
Event: 3070.145 GC heap after
{Heap after GC invocations=1467 (full 5):
 PSYoungGen      total 5120K, used 717K [0x00000000d5580000, 0x00000000d5b80000, 0x0000000100000000)
  eden space 4096K, 0% used [0x00000000d5580000,0x00000000d5580000,0x00000000d5980000)
  from space 1024K, 70% used [0x00000000d5980000,0x00000000d5a33610,0x00000000d5a80000)
  to   space 1024K, 0% used [0x00000000d5a80000,0x00000000d5a80000,0x00000000d5b80000)
 ParOldGen       total 1253888K, used 1253475K [0x0000000080000000, 0x00000000cc880000, 0x00000000d5580000)
  object space 1253888K, 99% used [0x0000000080000000,0x00000000cc818f30,0x00000000cc880000)
 Metaspace       used 95392K, committed 97408K, reserved 1179648K
  class space    used 10175K, committed 11072K, reserved 1048576K
}
Event: 3070.158 GC heap before
{Heap before GC invocations=1468 (full 5):
 PSYoungGen      total 5120K, used 4813K [0x00000000d5580000, 0x00000000d5b80000, 0x0000000100000000)
  eden space 4096K, 100% used [0x00000000d5580000,0x00000000d5980000,0x00000000d5980000)
  from space 1024K, 70% used [0x00000000d5980000,0x00000000d5a33610,0x00000000d5a80000)
  to   space 1024K, 0% used [0x00000000d5a80000,0x00000000d5a80000,0x00000000d5b80000)
 ParOldGen       total 1253888K, used 1253475K [0x0000000080000000, 0x00000000cc880000, 0x00000000d5580000)
  object space 1253888K, 99% used [0x0000000080000000,0x00000000cc818f30,0x00000000cc880000)
 Metaspace       used 95394K, committed 97408K, reserved 1179648K
  class space    used 10175K, committed 11072K, reserved 1048576K
}
Event: 3070.160 GC heap after
{Heap after GC invocations=1468 (full 5):
 PSYoungGen      total 4608K, used 384K [0x00000000d5580000, 0x00000000d5b00000, 0x0000000100000000)
  eden space 4096K, 0% used [0x00000000d5580000,0x00000000d5580000,0x00000000d5980000)
  from space 512K, 75% used [0x00000000d5a80000,0x00000000d5ae0000,0x00000000d5b00000)
  to   space 512K, 0% used [0x00000000d5a00000,0x00000000d5a00000,0x00000000d5a80000)
 ParOldGen       total 1254400K, used 1254132K [0x0000000080000000, 0x00000000cc900000, 0x00000000d5580000)
  object space 1254400K, 99% used [0x0000000080000000,0x00000000cc8bd2b0,0x00000000cc900000)
 Metaspace       used 95394K, committed 97408K, reserved 1179648K
  class space    used 10175K, committed 11072K, reserved 1048576K
}
Event: 3070.194 GC heap before
{Heap before GC invocations=1469 (full 5):
 PSYoungGen      total 4608K, used 4480K [0x00000000d5580000, 0x00000000d5b00000, 0x0000000100000000)
  eden space 4096K, 100% used [0x00000000d5580000,0x00000000d5980000,0x00000000d5980000)
  from space 512K, 75% used [0x00000000d5a80000,0x00000000d5ae0000,0x00000000d5b00000)
  to   space 512K, 0% used [0x00000000d5a00000,0x00000000d5a00000,0x00000000d5a80000)
 ParOldGen       total 1254400K, used 1254132K [0x0000000080000000, 0x00000000cc900000, 0x00000000d5580000)
  object space 1254400K, 99% used [0x0000000080000000,0x00000000cc8bd2b0,0x00000000cc900000)
 Metaspace       used 95399K, committed 97408K, reserved 1179648K
  class space    used 10175K, committed 11072K, reserved 1048576K
}
Event: 3070.198 GC heap after
{Heap after GC invocations=1469 (full 5):
 PSYoungGen      total 4608K, used 505K [0x00000000d5580000, 0x00000000d5b80000, 0x0000000100000000)
  eden space 4096K, 0% used [0x00000000d5580000,0x00000000d5580000,0x00000000d5980000)
  from space 512K, 98% used [0x00000000d5a00000,0x00000000d5a7e410,0x00000000d5a80000)
  to   space 1024K, 0% used [0x00000000d5a80000,0x00000000d5a80000,0x00000000d5b80000)
 ParOldGen       total 1254912K, used 1254444K [0x0000000080000000, 0x00000000cc980000, 0x00000000d5580000)
  object space 1254912K, 99% used [0x0000000080000000,0x00000000cc90b2b0,0x00000000cc980000)
 Metaspace       used 95399K, committed 97408K, reserved 1179648K
  class space    used 10175K, committed 11072K, reserved 1048576K
}
Event: 3070.229 GC heap before
{Heap before GC invocations=1470 (full 5):
 PSYoungGen      total 4608K, used 4601K [0x00000000d5580000, 0x00000000d5b80000, 0x0000000100000000)
  eden space 4096K, 100% used [0x00000000d5580000,0x00000000d5980000,0x00000000d5980000)
  from space 512K, 98% used [0x00000000d5a00000,0x00000000d5a7e410,0x00000000d5a80000)
  to   space 1024K, 0% used [0x00000000d5a80000,0x00000000d5a80000,0x00000000d5b80000)
 ParOldGen       total 1254912K, used 1254444K [0x0000000080000000, 0x00000000cc980000, 0x00000000d5580000)
  object space 1254912K, 99% used [0x0000000080000000,0x00000000cc90b2b0,0x00000000cc980000)
 Metaspace       used 95399K, committed 97408K, reserved 1179648K
  class space    used 10175K, committed 11072K, reserved 1048576K
}
Event: 3070.232 GC heap after
{Heap after GC invocations=1470 (full 5):
 PSYoungGen      total 5120K, used 465K [0x00000000d5580000, 0x00000000d5b80000, 0x0000000100000000)
  eden space 4096K, 0% used [0x00000000d5580000,0x00000000d5580000,0x00000000d5980000)
  from space 1024K, 45% used [0x00000000d5a80000,0x00000000d5af44c8,0x00000000d5b80000)
  to   space 1024K, 0% used [0x00000000d5980000,0x00000000d5980000,0x00000000d5a80000)
 ParOldGen       total 1255424K, used 1254949K [0x0000000080000000, 0x00000000cca00000, 0x00000000d5580000)
  object space 1255424K, 99% used [0x0000000080000000,0x00000000cc9896c0,0x00000000cca00000)
 Metaspace       used 95399K, committed 97408K, reserved 1179648K
  class space    used 10175K, committed 11072K, reserved 1048576K
}
Event: 3070.250 GC heap before
{Heap before GC invocations=1471 (full 5):
 PSYoungGen      total 5120K, used 4561K [0x00000000d5580000, 0x00000000d5b80000, 0x0000000100000000)
  eden space 4096K, 100% used [0x00000000d5580000,0x00000000d5980000,0x00000000d5980000)
  from space 1024K, 45% used [0x00000000d5a80000,0x00000000d5af44c8,0x00000000d5b80000)
  to   space 1024K, 0% used [0x00000000d5980000,0x00000000d5980000,0x00000000d5a80000)
 ParOldGen       total 1255424K, used 1254949K [0x0000000080000000, 0x00000000cca00000, 0x00000000d5580000)
  object space 1255424K, 99% used [0x0000000080000000,0x00000000cc9896c0,0x00000000cca00000)
 Metaspace       used 95399K, committed 97408K, reserved 1179648K
  class space    used 10175K, committed 11072K, reserved 1048576K
}
Event: 3070.253 GC heap after
{Heap after GC invocations=1471 (full 5):
 PSYoungGen      total 5120K, used 416K [0x00000000d5580000, 0x00000000d5b00000, 0x0000000100000000)
  eden space 4096K, 0% used [0x00000000d5580000,0x00000000d5580000,0x00000000d5980000)
  from space 1024K, 40% used [0x00000000d5980000,0x00000000d59e8000,0x00000000d5a80000)
  to   space 512K, 0% used [0x00000000d5a80000,0x00000000d5a80000,0x00000000d5b00000)
 ParOldGen       total 1255424K, used 1255326K [0x0000000080000000, 0x00000000cca00000, 0x00000000d5580000)
  object space 1255424K, 99% used [0x0000000080000000,0x00000000cc9e7b88,0x00000000cca00000)
 Metaspace       used 95399K, committed 97408K, reserved 1179648K
  class space    used 10175K, committed 11072K, reserved 1048576K
}
Event: 3070.271 GC heap before
{Heap before GC invocations=1472 (full 5):
 PSYoungGen      total 5120K, used 4512K [0x00000000d5580000, 0x00000000d5b00000, 0x0000000100000000)
  eden space 4096K, 100% used [0x00000000d5580000,0x00000000d5980000,0x00000000d5980000)
  from space 1024K, 40% used [0x00000000d5980000,0x00000000d59e8000,0x00000000d5a80000)
  to   space 512K, 0% used [0x00000000d5a80000,0x00000000d5a80000,0x00000000d5b00000)
 ParOldGen       total 1255424K, used 1255326K [0x0000000080000000, 0x00000000cca00000, 0x00000000d5580000)
  object space 1255424K, 99% used [0x0000000080000000,0x00000000cc9e7b88,0x00000000cca00000)
 Metaspace       used 95399K, committed 97408K, reserved 1179648K
  class space    used 10175K, committed 11072K, reserved 1048576K
}
Event: 3070.273 GC heap after
{Heap after GC invocations=1472 (full 5):
 PSYoungGen      total 4608K, used 464K [0x00000000d5580000, 0x00000000d5b00000, 0x0000000100000000)
  eden space 4096K, 0% used [0x00000000d5580000,0x00000000d5580000,0x00000000d5980000)
  from space 512K, 90% used [0x00000000d5a80000,0x00000000d5af4010,0x00000000d5b00000)
  to   space 512K, 0% used [0x00000000d5a00000,0x00000000d5a00000,0x00000000d5a80000)
 ParOldGen       total 1255936K, used 1255654K [0x0000000080000000, 0x00000000cca80000, 0x00000000d5580000)
  object space 1255936K, 99% used [0x0000000080000000,0x00000000cca39be8,0x00000000cca80000)
 Metaspace       used 95399K, committed 97408K, reserved 1179648K
  class space    used 10175K, committed 11072K, reserved 1048576K
}
Event: 3070.286 GC heap before
{Heap before GC invocations=1473 (full 5):
 PSYoungGen      total 4608K, used 4560K [0x00000000d5580000, 0x00000000d5b00000, 0x0000000100000000)
  eden space 4096K, 100% used [0x00000000d5580000,0x00000000d5980000,0x00000000d5980000)
  from space 512K, 90% used [0x00000000d5a80000,0x00000000d5af4010,0x00000000d5b00000)
  to   space 512K, 0% used [0x00000000d5a00000,0x00000000d5a00000,0x00000000d5a80000)
 ParOldGen       total 1255936K, used 1255654K [0x0000000080000000, 0x00000000cca80000, 0x00000000d5580000)
  object space 1255936K, 99% used [0x0000000080000000,0x00000000cca39be8,0x00000000cca80000)
 Metaspace       used 95399K, committed 97408K, reserved 1179648K
  class space    used 10175K, committed 11072K, reserved 1048576K
}
Event: 3070.288 GC heap after
{Heap after GC invocations=1473 (full 5):
 PSYoungGen      total 4608K, used 288K [0x00000000d5580000, 0x00000000d5b00000, 0x0000000100000000)
  eden space 4096K, 0% used [0x00000000d5580000,0x00000000d5580000,0x00000000d5980000)
  from space 512K, 56% used [0x00000000d5a00000,0x00000000d5a48000,0x00000000d5a80000)
  to   space 512K, 0% used [0x00000000d5a80000,0x00000000d5a80000,0x00000000d5b00000)
 ParOldGen       total 1256448K, used 1256063K [0x0000000080000000, 0x00000000ccb00000, 0x00000000d5580000)
  object space 1256448K, 99% used [0x0000000080000000,0x00000000cca9fc08,0x00000000ccb00000)
 Metaspace       used 95399K, committed 97408K, reserved 1179648K
  class space    used 10175K, committed 11072K, reserved 1048576K
}
Event: 3070.302 GC heap before
{Heap before GC invocations=1474 (full 5):
 PSYoungGen      total 4608K, used 4384K [0x00000000d5580000, 0x00000000d5b00000, 0x0000000100000000)
  eden space 4096K, 100% used [0x00000000d5580000,0x00000000d5980000,0x00000000d5980000)
  from space 512K, 56% used [0x00000000d5a00000,0x00000000d5a48000,0x00000000d5a80000)
  to   space 512K, 0% used [0x00000000d5a80000,0x00000000d5a80000,0x00000000d5b00000)
 ParOldGen       total 1256448K, used 1256063K [0x0000000080000000, 0x00000000ccb00000, 0x00000000d5580000)
  object space 1256448K, 99% used [0x0000000080000000,0x00000000cca9fc08,0x00000000ccb00000)
 Metaspace       used 95399K, committed 97408K, reserved 1179648K
  class space    used 10175K, committed 11072K, reserved 1048576K
}
Event: 3070.305 GC heap after
{Heap after GC invocations=1474 (full 5):
 PSYoungGen      total 4608K, used 512K [0x00000000d5580000, 0x00000000d5b80000, 0x0000000100000000)
  eden space 4096K, 0% used [0x00000000d5580000,0x00000000d5580000,0x00000000d5980000)
  from space 512K, 100% used [0x00000000d5a80000,0x00000000d5b00000,0x00000000d5b00000)
  to   space 1024K, 0% used [0x00000000d5980000,0x00000000d5980000,0x00000000d5a80000)
 ParOldGen       total 1256448K, used 1256343K [0x0000000080000000, 0x00000000ccb00000, 0x00000000d5580000)
  object space 1256448K, 99% used [0x0000000080000000,0x00000000ccae5c08,0x00000000ccb00000)
 Metaspace       used 95399K, committed 97408K, reserved 1179648K
  class space    used 10175K, committed 11072K, reserved 1048576K
}
Event: 3070.322 GC heap before
{Heap before GC invocations=1475 (full 5):
 PSYoungGen      total 4608K, used 4608K [0x00000000d5580000, 0x00000000d5b80000, 0x0000000100000000)
  eden space 4096K, 100% used [0x00000000d5580000,0x00000000d5980000,0x00000000d5980000)
  from space 512K, 100% used [0x00000000d5a80000,0x00000000d5b00000,0x00000000d5b00000)
  to   space 1024K, 0% used [0x00000000d5980000,0x00000000d5980000,0x00000000d5a80000)
 ParOldGen       total 1256448K, used 1256343K [0x0000000080000000, 0x00000000ccb00000, 0x00000000d5580000)
  object space 1256448K, 99% used [0x0000000080000000,0x00000000ccae5c08,0x00000000ccb00000)
 Metaspace       used 95399K, committed 97408K, reserved 1179648K
  class space    used 10175K, committed 11072K, reserved 1048576K
}
Event: 3071.480 GC heap after
{Heap after GC invocations=1475 (full 5):
 PSYoungGen      total 5120K, used 832K [0x00000000d5580000, 0x00000000d5c80000, 0x0000000100000000)
  eden space 4096K, 0% used [0x00000000d5580000,0x00000000d5580000,0x00000000d5980000)
  from space 1024K, 81% used [0x00000000d5980000,0x00000000d5a50000,0x00000000d5a80000)
  to   space 1024K, 0% used [0x00000000d5b80000,0x00000000d5b80000,0x00000000d5c80000)
 ParOldGen       total 1256960K, used 1256863K [0x0000000080000000, 0x00000000ccb80000, 0x00000000d5580000)
  object space 1256960K, 99% used [0x0000000080000000,0x00000000ccb67c18,0x00000000ccb80000)
 Metaspace       used 95399K, committed 97408K, reserved 1179648K
  class space    used 10175K, committed 11072K, reserved 1048576K
}

