# JRE version: OpenJDK Runtime Environment Temurin-21.0.10+7 (21.0.10+7) (build 21.0.10+7-LTS)
# Java VM: OpenJDK 64-Bit Server VM Temurin-21.0.10+7 (21.0.10+7-LTS, mixed mode, sharing, tiered, compressed oops, compressed class ptrs, g1 gc, windows-amd64)
GC Precious Log:
 CardTable entry size: 512
 Card Set container configuration: InlinePtr #cards 5 size 8 Array Of Cards #cards 12 size 40 Howl #buckets 4 coarsen threshold 1843 Howl Bitmap #cards 512 size 80 coarsen threshold 460 Card regions per heap region 1 cards per card region 2048
 CPUs: 8 total, 8 available
 Memory: 7502M
 Large Page Support: Disabled
 NUMA Support: Disabled
 Compressed Oops: Enabled (32-bit)
 Heap Region Size: 1M
 Heap Min Capacity: 8M
 Heap Initial Capacity: 118M
 Heap Max Capacity: 2G
 Pre-touch: Disabled
 Parallel Workers: 8
 Concurrent Workers: 2
 Concurrent Refinement Workers: 8
 Periodic GC: Disabled
Heap:
 garbage-first heap   total 249856K, used 171422K [0x0000000080000000, 0x0000000100000000)
  region size 1024K, 21 young (21504K), 5 survivors (5120K)
 Metaspace       used 141723K, committed 143616K, reserved 1179648K
  class space    used 18945K, committed 19904K, reserved 1048576K
GC Heap History (20 events):
Event: 17394.923 GC heap before
{Heap before GC invocations=106 (full 0):
 garbage-first heap   total 214016K, used 193143K [0x0000000080000000, 0x0000000100000000)
  region size 1024K, 65 young (66560K), 9 survivors (9216K)
 Metaspace       used 106525K, committed 108416K, reserved 1179648K
  class space    used 14197K, committed 15360K, reserved 1048576K
}
Event: 17395.038 GC heap after
{Heap after GC invocations=107 (full 0):
 garbage-first heap   total 214016K, used 142267K [0x0000000080000000, 0x0000000100000000)
  region size 1024K, 6 young (6144K), 6 survivors (6144K)
 Metaspace       used 106525K, committed 108416K, reserved 1179648K
  class space    used 14197K, committed 15360K, reserved 1048576K
}
Event: 17407.757 GC heap before
{Heap before GC invocations=108 (full 0):
 garbage-first heap   total 232448K, used 190395K [0x0000000080000000, 0x0000000100000000)
  region size 1024K, 58 young (59392K), 6 survivors (6144K)
 Metaspace       used 106536K, committed 108416K, reserved 1179648K
  class space    used 14196K, committed 15360K, reserved 1048576K
}
Event: 17407.766 GC heap after
{Heap after GC invocations=109 (full 0):
 garbage-first heap   total 232448K, used 136256K [0x0000000080000000, 0x0000000100000000)
  region size 1024K, 2 young (2048K), 2 survivors (2048K)
 Metaspace       used 106536K, committed 108416K, reserved 1179648K
  class space    used 14196K, committed 15360K, reserved 1048576K
}
Event: 17465.517 GC heap before
{Heap before GC invocations=109 (full 0):
 garbage-first heap   total 232448K, used 209984K [0x0000000080000000, 0x0000000100000000)
  region size 1024K, 75 young (76800K), 2 survivors (2048K)
 Metaspace       used 106562K, committed 108416K, reserved 1179648K
  class space    used 14196K, committed 15360K, reserved 1048576K
}
Event: 17465.624 GC heap after
{Heap after GC invocations=110 (full 0):
 garbage-first heap   total 232448K, used 113278K [0x0000000080000000, 0x0000000100000000)
  region size 1024K, 1 young (1024K), 1 survivors (1024K)
 Metaspace       used 106562K, committed 108416K, reserved 1179648K
  class space    used 14196K, committed 15360K, reserved 1048576K
}
Event: 17666.976 GC heap before
{Heap before GC invocations=110 (full 0):
 garbage-first heap   total 232448K, used 206462K [0x0000000080000000, 0x0000000100000000)
  region size 1024K, 93 young (95232K), 1 survivors (1024K)
 Metaspace       used 111372K, committed 112768K, reserved 1179648K
  class space    used 15303K, committed 16000K, reserved 1048576K
}
Event: 17667.061 GC heap after
{Heap after GC invocations=111 (full 0):
 garbage-first heap   total 232448K, used 116591K [0x0000000080000000, 0x0000000100000000)
  region size 1024K, 7 young (7168K), 7 survivors (7168K)
 Metaspace       used 111372K, committed 112768K, reserved 1179648K
  class space    used 15303K, committed 16000K, reserved 1048576K
}
Event: 17669.363 GC heap before
{Heap before GC invocations=111 (full 0):
 garbage-first heap   total 232448K, used 187247K [0x0000000080000000, 0x0000000100000000)
  region size 1024K, 76 young (77824K), 7 survivors (7168K)
 Metaspace       used 121795K, committed 123328K, reserved 1179648K
  class space    used 16622K, committed 17344K, reserved 1048576K
}
Event: 17669.413 GC heap after
{Heap after GC invocations=112 (full 0):
 garbage-first heap   total 232448K, used 117933K [0x0000000080000000, 0x0000000100000000)
  region size 1024K, 3 young (3072K), 3 survivors (3072K)
 Metaspace       used 121795K, committed 123328K, reserved 1179648K
  class space    used 16622K, committed 17344K, reserved 1048576K
}
Event: 17669.554 GC heap before
{Heap before GC invocations=112 (full 0):
 garbage-first heap   total 232448K, used 123053K [0x0000000080000000, 0x0000000100000000)
  region size 1024K, 9 young (9216K), 3 survivors (3072K)
 Metaspace       used 122270K, committed 123776K, reserved 1179648K
  class space    used 16676K, committed 17408K, reserved 1048576K
}
Event: 17669.571 GC heap after
{Heap after GC invocations=113 (full 0):
 garbage-first heap   total 232448K, used 117925K [0x0000000080000000, 0x0000000100000000)
  region size 1024K, 3 young (3072K), 3 survivors (3072K)
 Metaspace       used 122270K, committed 123776K, reserved 1179648K
  class space    used 16676K, committed 17408K, reserved 1048576K
}
Event: 17671.317 GC heap before
{Heap before GC invocations=114 (full 0):
 garbage-first heap   total 232448K, used 217253K [0x0000000080000000, 0x0000000100000000)
  region size 1024K, 96 young (98304K), 3 survivors (3072K)
 Metaspace       used 122671K, committed 124224K, reserved 1179648K
  class space    used 16688K, committed 17408K, reserved 1048576K
}
Event: 17671.376 GC heap after
{Heap after GC invocations=115 (full 0):
 garbage-first heap   total 249856K, used 144034K [0x0000000080000000, 0x0000000100000000)
  region size 1024K, 12 young (12288K), 12 survivors (12288K)
 Metaspace       used 122671K, committed 124224K, reserved 1179648K
  class space    used 16688K, committed 17408K, reserved 1048576K
}
Event: 17672.402 GC heap before
{Heap before GC invocations=115 (full 0):
 garbage-first heap   total 249856K, used 165538K [0x0000000080000000, 0x0000000100000000)
  region size 1024K, 33 young (33792K), 12 survivors (12288K)
 Metaspace       used 125356K, committed 126848K, reserved 1179648K
  class space    used 17034K, committed 17792K, reserved 1048576K
}
Event: 17672.416 GC heap after
{Heap after GC invocations=116 (full 0):
 garbage-first heap   total 249856K, used 145764K [0x0000000080000000, 0x0000000100000000)
  region size 1024K, 2 young (2048K), 2 survivors (2048K)
 Metaspace       used 125356K, committed 126848K, reserved 1179648K
  class space    used 17034K, committed 17792K, reserved 1048576K
}
Event: 17675.649 GC heap before
{Heap before GC invocations=116 (full 0):
 garbage-first heap   total 249856K, used 225636K [0x0000000080000000, 0x0000000100000000)
  region size 1024K, 73 young (74752K), 2 survivors (2048K)
 Metaspace       used 133140K, committed 134912K, reserved 1179648K
  class space    used 17815K, committed 18688K, reserved 1048576K
}
Event: 17675.661 GC heap after
{Heap after GC invocations=117 (full 0):
 garbage-first heap   total 249856K, used 151609K [0x0000000080000000, 0x0000000100000000)
  region size 1024K, 7 young (7168K), 7 survivors (7168K)
 Metaspace       used 133140K, committed 134912K, reserved 1179648K
  class space    used 17815K, committed 18688K, reserved 1048576K
}
Event: 17681.195 GC heap before
{Heap before GC invocations=117 (full 0):
 garbage-first heap   total 249856K, used 218169K [0x0000000080000000, 0x0000000100000000)
  region size 1024K, 73 young (74752K), 7 survivors (7168K)
 Metaspace       used 141652K, committed 143552K, reserved 1179648K
  class space    used 18945K, committed 19904K, reserved 1048576K
}
Event: 17681.234 GC heap after
{Heap after GC invocations=118 (full 0):
 garbage-first heap   total 249856K, used 156062K [0x0000000080000000, 0x0000000100000000)
  region size 1024K, 5 young (5120K), 5 survivors (5120K)
 Metaspace       used 141652K, committed 143552K, reserved 1179648K
  class space    used 18945K, committed 19904K, reserved 1048576K
}

