# JRE version: OpenJDK Runtime Environment Temurin-21.0.10+7 (21.0.10+7) (build 21.0.10+7-LTS)
# Java VM: OpenJDK 64-Bit Server VM Temurin-21.0.10+7 (21.0.10+7-LTS, mixed mode, sharing, tiered, compressed oops, compressed class ptrs, parallel gc, windows-amd64)
GC Precious Log:
 CardTable entry size: 512
 CPUs: 8 total, 8 available
 Memory: 7502M
 Large Page Support: Disabled
 NUMA Support: Disabled
 Compressed Oops: Enabled (32-bit)
 Alignments: Space 512K, Generation 512K, Heap 2M
 Heap Min Capacity: 100M
 Heap Initial Capacity: 100M
 Heap Max Capacity: 2G
 Pre-touch: Disabled
 Parallel Workers: 8
Heap:
 PSYoungGen      total 9728K, used 8072K [0x00000000d5580000, 0x00000000d6080000, 0x0000000100000000)
  eden space 9216K, 84% used [0x00000000d5580000,0x00000000d5d12040,0x00000000d5e80000)
  from space 512K, 62% used [0x00000000d6000000,0x00000000d6050000,0x00000000d6080000)
  to   space 512K, 0% used [0x00000000d5f80000,0x00000000d5f80000,0x00000000d6000000)
 ParOldGen       total 161280K, used 101638K [0x0000000080000000, 0x0000000089d80000, 0x00000000d5580000)
  object space 161280K, 63% used [0x0000000080000000,0x0000000086341ac0,0x0000000089d80000)
 Metaspace       used 79016K, committed 80704K, reserved 1179648K
  class space    used 8517K, committed 9408K, reserved 1048576K
GC Heap History (20 events):
Event: 9429.313 GC heap before
{Heap before GC invocations=203 (full 4):
 PSYoungGen      total 9728K, used 9440K [0x00000000d5580000, 0x00000000d6080000, 0x0000000100000000)
  eden space 9216K, 100% used [0x00000000d5580000,0x00000000d5e80000,0x00000000d5e80000)
  from space 512K, 43% used [0x00000000d6000000,0x00000000d6038000,0x00000000d6080000)
  to   space 512K, 0% used [0x00000000d5f80000,0x00000000d5f80000,0x00000000d6000000)
 ParOldGen       total 161280K, used 101102K [0x0000000080000000, 0x0000000089d80000, 0x00000000d5580000)
  object space 161280K, 62% used [0x0000000080000000,0x00000000862bbac0,0x0000000089d80000)
 Metaspace       used 78926K, committed 80640K, reserved 1179648K
  class space    used 8515K, committed 9408K, reserved 1048576K
}
Event: 9429.315 GC heap after
{Heap after GC invocations=203 (full 4):
 PSYoungGen      total 9728K, used 192K [0x00000000d5580000, 0x00000000d6080000, 0x0000000100000000)
  eden space 9216K, 0% used [0x00000000d5580000,0x00000000d5580000,0x00000000d5e80000)
  from space 512K, 37% used [0x00000000d5f80000,0x00000000d5fb0000,0x00000000d6000000)
  to   space 512K, 0% used [0x00000000d6000000,0x00000000d6000000,0x00000000d6080000)
 ParOldGen       total 161280K, used 101150K [0x0000000080000000, 0x0000000089d80000, 0x00000000d5580000)
  object space 161280K, 62% used [0x0000000080000000,0x00000000862c7ac0,0x0000000089d80000)
 Metaspace       used 78926K, committed 80640K, reserved 1179648K
  class space    used 8515K, committed 9408K, reserved 1048576K
}
Event: 9429.676 GC heap before
{Heap before GC invocations=204 (full 4):
 PSYoungGen      total 9728K, used 9408K [0x00000000d5580000, 0x00000000d6080000, 0x0000000100000000)
  eden space 9216K, 100% used [0x00000000d5580000,0x00000000d5e80000,0x00000000d5e80000)
  from space 512K, 37% used [0x00000000d5f80000,0x00000000d5fb0000,0x00000000d6000000)
  to   space 512K, 0% used [0x00000000d6000000,0x00000000d6000000,0x00000000d6080000)
 ParOldGen       total 161280K, used 101150K [0x0000000080000000, 0x0000000089d80000, 0x00000000d5580000)
  object space 161280K, 62% used [0x0000000080000000,0x00000000862c7ac0,0x0000000089d80000)
 Metaspace       used 78935K, committed 80640K, reserved 1179648K
  class space    used 8515K, committed 9408K, reserved 1048576K
}
Event: 9429.684 GC heap after
{Heap after GC invocations=204 (full 4):
 PSYoungGen      total 9728K, used 160K [0x00000000d5580000, 0x00000000d6080000, 0x0000000100000000)
  eden space 9216K, 0% used [0x00000000d5580000,0x00000000d5580000,0x00000000d5e80000)
  from space 512K, 31% used [0x00000000d6000000,0x00000000d6028000,0x00000000d6080000)
  to   space 512K, 0% used [0x00000000d5f80000,0x00000000d5f80000,0x00000000d6000000)
 ParOldGen       total 161280K, used 101166K [0x0000000080000000, 0x0000000089d80000, 0x00000000d5580000)
  object space 161280K, 62% used [0x0000000080000000,0x00000000862cbac0,0x0000000089d80000)
 Metaspace       used 78935K, committed 80640K, reserved 1179648K
  class space    used 8515K, committed 9408K, reserved 1048576K
}
Event: 9430.399 GC heap before
{Heap before GC invocations=205 (full 4):
 PSYoungGen      total 9728K, used 9376K [0x00000000d5580000, 0x00000000d6080000, 0x0000000100000000)
  eden space 9216K, 100% used [0x00000000d5580000,0x00000000d5e80000,0x00000000d5e80000)
  from space 512K, 31% used [0x00000000d6000000,0x00000000d6028000,0x00000000d6080000)
  to   space 512K, 0% used [0x00000000d5f80000,0x00000000d5f80000,0x00000000d6000000)
 ParOldGen       total 161280K, used 101166K [0x0000000080000000, 0x0000000089d80000, 0x00000000d5580000)
  object space 161280K, 62% used [0x0000000080000000,0x00000000862cbac0,0x0000000089d80000)
 Metaspace       used 78935K, committed 80640K, reserved 1179648K
  class space    used 8515K, committed 9408K, reserved 1048576K
}
Event: 9430.508 GC heap after
{Heap after GC invocations=205 (full 4):
 PSYoungGen      total 9728K, used 224K [0x00000000d5580000, 0x00000000d6080000, 0x0000000100000000)
  eden space 9216K, 0% used [0x00000000d5580000,0x00000000d5580000,0x00000000d5e80000)
  from space 512K, 43% used [0x00000000d5f80000,0x00000000d5fb8000,0x00000000d6000000)
  to   space 512K, 0% used [0x00000000d6000000,0x00000000d6000000,0x00000000d6080000)
 ParOldGen       total 161280K, used 101198K [0x0000000080000000, 0x0000000089d80000, 0x00000000d5580000)
  object space 161280K, 62% used [0x0000000080000000,0x00000000862d3ac0,0x0000000089d80000)
 Metaspace       used 78935K, committed 80640K, reserved 1179648K
  class space    used 8515K, committed 9408K, reserved 1048576K
}
Event: 9431.081 GC heap before
{Heap before GC invocations=206 (full 4):
 PSYoungGen      total 9728K, used 9440K [0x00000000d5580000, 0x00000000d6080000, 0x0000000100000000)
  eden space 9216K, 100% used [0x00000000d5580000,0x00000000d5e80000,0x00000000d5e80000)
  from space 512K, 43% used [0x00000000d5f80000,0x00000000d5fb8000,0x00000000d6000000)
  to   space 512K, 0% used [0x00000000d6000000,0x00000000d6000000,0x00000000d6080000)
 ParOldGen       total 161280K, used 101198K [0x0000000080000000, 0x0000000089d80000, 0x00000000d5580000)
  object space 161280K, 62% used [0x0000000080000000,0x00000000862d3ac0,0x0000000089d80000)
 Metaspace       used 78942K, committed 80640K, reserved 1179648K
  class space    used 8515K, committed 9408K, reserved 1048576K
}
Event: 9431.101 GC heap after
{Heap after GC invocations=206 (full 4):
 PSYoungGen      total 9728K, used 224K [0x00000000d5580000, 0x00000000d6080000, 0x0000000100000000)
  eden space 9216K, 0% used [0x00000000d5580000,0x00000000d5580000,0x00000000d5e80000)
  from space 512K, 43% used [0x00000000d6000000,0x00000000d6038000,0x00000000d6080000)
  to   space 512K, 0% used [0x00000000d5f80000,0x00000000d5f80000,0x00000000d6000000)
 ParOldGen       total 161280K, used 101262K [0x0000000080000000, 0x0000000089d80000, 0x00000000d5580000)
  object space 161280K, 62% used [0x0000000080000000,0x00000000862e3ac0,0x0000000089d80000)
 Metaspace       used 78942K, committed 80640K, reserved 1179648K
  class space    used 8515K, committed 9408K, reserved 1048576K
}
Event: 9431.442 GC heap before
{Heap before GC invocations=207 (full 4):
 PSYoungGen      total 9728K, used 9440K [0x00000000d5580000, 0x00000000d6080000, 0x0000000100000000)
  eden space 9216K, 100% used [0x00000000d5580000,0x00000000d5e80000,0x00000000d5e80000)
  from space 512K, 43% used [0x00000000d6000000,0x00000000d6038000,0x00000000d6080000)
  to   space 512K, 0% used [0x00000000d5f80000,0x00000000d5f80000,0x00000000d6000000)
 ParOldGen       total 161280K, used 101262K [0x0000000080000000, 0x0000000089d80000, 0x00000000d5580000)
  object space 161280K, 62% used [0x0000000080000000,0x00000000862e3ac0,0x0000000089d80000)
 Metaspace       used 78946K, committed 80640K, reserved 1179648K
  class space    used 8515K, committed 9408K, reserved 1048576K
}
Event: 9431.451 GC heap after
{Heap after GC invocations=207 (full 4):
 PSYoungGen      total 9728K, used 224K [0x00000000d5580000, 0x00000000d6080000, 0x0000000100000000)
  eden space 9216K, 0% used [0x00000000d5580000,0x00000000d5580000,0x00000000d5e80000)
  from space 512K, 43% used [0x00000000d5f80000,0x00000000d5fb8000,0x00000000d6000000)
  to   space 512K, 0% used [0x00000000d6000000,0x00000000d6000000,0x00000000d6080000)
 ParOldGen       total 161280K, used 101326K [0x0000000080000000, 0x0000000089d80000, 0x00000000d5580000)
  object space 161280K, 62% used [0x0000000080000000,0x00000000862f3ac0,0x0000000089d80000)
 Metaspace       used 78946K, committed 80640K, reserved 1179648K
  class space    used 8515K, committed 9408K, reserved 1048576K
}
Event: 9431.613 GC heap before
{Heap before GC invocations=208 (full 4):
 PSYoungGen      total 9728K, used 9440K [0x00000000d5580000, 0x00000000d6080000, 0x0000000100000000)
  eden space 9216K, 100% used [0x00000000d5580000,0x00000000d5e80000,0x00000000d5e80000)
  from space 512K, 43% used [0x00000000d5f80000,0x00000000d5fb8000,0x00000000d6000000)
  to   space 512K, 0% used [0x00000000d6000000,0x00000000d6000000,0x00000000d6080000)
 ParOldGen       total 161280K, used 101326K [0x0000000080000000, 0x0000000089d80000, 0x00000000d5580000)
  object space 161280K, 62% used [0x0000000080000000,0x00000000862f3ac0,0x0000000089d80000)
 Metaspace       used 78952K, committed 80640K, reserved 1179648K
  class space    used 8515K, committed 9408K, reserved 1048576K
}
Event: 9431.617 GC heap after
{Heap after GC invocations=208 (full 4):
 PSYoungGen      total 9728K, used 256K [0x00000000d5580000, 0x00000000d6080000, 0x0000000100000000)
  eden space 9216K, 0% used [0x00000000d5580000,0x00000000d5580000,0x00000000d5e80000)
  from space 512K, 50% used [0x00000000d6000000,0x00000000d6040000,0x00000000d6080000)
  to   space 512K, 0% used [0x00000000d5f80000,0x00000000d5f80000,0x00000000d6000000)
 ParOldGen       total 161280K, used 101390K [0x0000000080000000, 0x0000000089d80000, 0x00000000d5580000)
  object space 161280K, 62% used [0x0000000080000000,0x0000000086303ac0,0x0000000089d80000)
 Metaspace       used 78952K, committed 80640K, reserved 1179648K
  class space    used 8515K, committed 9408K, reserved 1048576K
}
Event: 9436.105 GC heap before
{Heap before GC invocations=209 (full 4):
 PSYoungGen      total 9728K, used 9472K [0x00000000d5580000, 0x00000000d6080000, 0x0000000100000000)
  eden space 9216K, 100% used [0x00000000d5580000,0x00000000d5e80000,0x00000000d5e80000)
  from space 512K, 50% used [0x00000000d6000000,0x00000000d6040000,0x00000000d6080000)
  to   space 512K, 0% used [0x00000000d5f80000,0x00000000d5f80000,0x00000000d6000000)
 ParOldGen       total 161280K, used 101390K [0x0000000080000000, 0x0000000089d80000, 0x00000000d5580000)
  object space 161280K, 62% used [0x0000000080000000,0x0000000086303ac0,0x0000000089d80000)
 Metaspace       used 78962K, committed 80640K, reserved 1179648K
  class space    used 8515K, committed 9408K, reserved 1048576K
}
Event: 9436.108 GC heap after
{Heap after GC invocations=209 (full 4):
 PSYoungGen      total 9728K, used 256K [0x00000000d5580000, 0x00000000d6080000, 0x0000000100000000)
  eden space 9216K, 0% used [0x00000000d5580000,0x00000000d5580000,0x00000000d5e80000)
  from space 512K, 50% used [0x00000000d5f80000,0x00000000d5fc0000,0x00000000d6000000)
  to   space 512K, 0% used [0x00000000d6000000,0x00000000d6000000,0x00000000d6080000)
 ParOldGen       total 161280K, used 101438K [0x0000000080000000, 0x0000000089d80000, 0x00000000d5580000)
  object space 161280K, 62% used [0x0000000080000000,0x000000008630fac0,0x0000000089d80000)
 Metaspace       used 78962K, committed 80640K, reserved 1179648K
  class space    used 8515K, committed 9408K, reserved 1048576K
}
Event: 9436.553 GC heap before
{Heap before GC invocations=210 (full 4):
 PSYoungGen      total 9728K, used 9472K [0x00000000d5580000, 0x00000000d6080000, 0x0000000100000000)
  eden space 9216K, 100% used [0x00000000d5580000,0x00000000d5e80000,0x00000000d5e80000)
  from space 512K, 50% used [0x00000000d5f80000,0x00000000d5fc0000,0x00000000d6000000)
  to   space 512K, 0% used [0x00000000d6000000,0x00000000d6000000,0x00000000d6080000)
 ParOldGen       total 161280K, used 101438K [0x0000000080000000, 0x0000000089d80000, 0x00000000d5580000)
  object space 161280K, 62% used [0x0000000080000000,0x000000008630fac0,0x0000000089d80000)
 Metaspace       used 78962K, committed 80640K, reserved 1179648K
  class space    used 8515K, committed 9408K, reserved 1048576K
}
Event: 9436.555 GC heap after
{Heap after GC invocations=210 (full 4):
 PSYoungGen      total 9728K, used 224K [0x00000000d5580000, 0x00000000d6080000, 0x0000000100000000)
  eden space 9216K, 0% used [0x00000000d5580000,0x00000000d5580000,0x00000000d5e80000)
  from space 512K, 43% used [0x00000000d6000000,0x00000000d6038000,0x00000000d6080000)
  to   space 512K, 0% used [0x00000000d5f80000,0x00000000d5f80000,0x00000000d6000000)
 ParOldGen       total 161280K, used 101510K [0x0000000080000000, 0x0000000089d80000, 0x00000000d5580000)
  object space 161280K, 62% used [0x0000000080000000,0x0000000086321ac0,0x0000000089d80000)
 Metaspace       used 78962K, committed 80640K, reserved 1179648K
  class space    used 8515K, committed 9408K, reserved 1048576K
}
Event: 9436.996 GC heap before
{Heap before GC invocations=211 (full 4):
 PSYoungGen      total 9728K, used 9440K [0x00000000d5580000, 0x00000000d6080000, 0x0000000100000000)
  eden space 9216K, 100% used [0x00000000d5580000,0x00000000d5e80000,0x00000000d5e80000)
  from space 512K, 43% used [0x00000000d6000000,0x00000000d6038000,0x00000000d6080000)
  to   space 512K, 0% used [0x00000000d5f80000,0x00000000d5f80000,0x00000000d6000000)
 ParOldGen       total 161280K, used 101510K [0x0000000080000000, 0x0000000089d80000, 0x00000000d5580000)
  object space 161280K, 62% used [0x0000000080000000,0x0000000086321ac0,0x0000000089d80000)
 Metaspace       used 78977K, committed 80640K, reserved 1179648K
  class space    used 8515K, committed 9408K, reserved 1048576K
}
Event: 9436.998 GC heap after
{Heap after GC invocations=211 (full 4):
 PSYoungGen      total 9728K, used 256K [0x00000000d5580000, 0x00000000d6080000, 0x0000000100000000)
  eden space 9216K, 0% used [0x00000000d5580000,0x00000000d5580000,0x00000000d5e80000)
  from space 512K, 50% used [0x00000000d5f80000,0x00000000d5fc0000,0x00000000d6000000)
  to   space 512K, 0% used [0x00000000d6000000,0x00000000d6000000,0x00000000d6080000)
 ParOldGen       total 161280K, used 101566K [0x0000000080000000, 0x0000000089d80000, 0x00000000d5580000)
  object space 161280K, 62% used [0x0000000080000000,0x000000008632fac0,0x0000000089d80000)
 Metaspace       used 78977K, committed 80640K, reserved 1179648K
  class space    used 8515K, committed 9408K, reserved 1048576K
}
Event: 10435.913 GC heap before
{Heap before GC invocations=212 (full 4):
 PSYoungGen      total 9728K, used 9472K [0x00000000d5580000, 0x00000000d6080000, 0x0000000100000000)
  eden space 9216K, 100% used [0x00000000d5580000,0x00000000d5e80000,0x00000000d5e80000)
  from space 512K, 50% used [0x00000000d5f80000,0x00000000d5fc0000,0x00000000d6000000)
  to   space 512K, 0% used [0x00000000d6000000,0x00000000d6000000,0x00000000d6080000)
 ParOldGen       total 161280K, used 101566K [0x0000000080000000, 0x0000000089d80000, 0x00000000d5580000)
  object space 161280K, 62% used [0x0000000080000000,0x000000008632fac0,0x0000000089d80000)
 Metaspace       used 79001K, committed 80640K, reserved 1179648K
  class space    used 8516K, committed 9408K, reserved 1048576K
}
Event: 10435.968 GC heap after
{Heap after GC invocations=212 (full 4):
 PSYoungGen      total 9728K, used 320K [0x00000000d5580000, 0x00000000d6080000, 0x0000000100000000)
  eden space 9216K, 0% used [0x00000000d5580000,0x00000000d5580000,0x00000000d5e80000)
  from space 512K, 62% used [0x00000000d6000000,0x00000000d6050000,0x00000000d6080000)
  to   space 512K, 0% used [0x00000000d5f80000,0x00000000d5f80000,0x00000000d6000000)
 ParOldGen       total 161280K, used 101638K [0x0000000080000000, 0x0000000089d80000, 0x00000000d5580000)
  object space 161280K, 63% used [0x0000000080000000,0x0000000086341ac0,0x0000000089d80000)
 Metaspace       used 79001K, committed 80640K, reserved 1179648K
  class space    used 8516K, committed 9408K, reserved 1048576K
}

